Log file open, 09/01/21 16:06:38
LogWindows: Failed to load 'aqProf.dll' (GetLastError=126)
LogWindows: File 'aqProf.dll' does not exist
LogWindows: Failed to load 'VtuneApi.dll' (GetLastError=126)
LogWindows: File 'VtuneApi.dll' does not exist
LogWindows: Failed to load 'VtuneApi32e.dll' (GetLastError=126)
LogWindows: File 'VtuneApi32e.dll' does not exist
LogConsoleResponse: Display: Failed to find resolution value strings in scalability ini. Falling back to default.
LogInit: Display: Running engine for game: demofps
LogPlatformFile: Not using cached read wrapper
LogTaskGraph: Started task graph with 5 named threads and 35 total threads with 3 sets of task threads.
LogStats: Stats thread started at 0.066841
LogD3D11RHI: Loaded GFSDK_Aftermath_Lib.x64.dll
LogICUInternationalization: ICU TimeZone Detection - Raw Offset: -5:00, Platform Override: ''
LogPluginManager: Mounting plugin Paper2D
LogPluginManager: Mounting plugin AISupport
LogPluginManager: Mounting plugin LightPropagationVolume
LogPluginManager: Mounting plugin ActorLayerUtilities
LogPluginManager: Mounting plugin AnimationSharing
LogPluginManager: Mounting plugin CLionSourceCodeAccess
LogPluginManager: Mounting plugin CodeLiteSourceCodeAccess
LogPluginManager: Mounting plugin GitSourceControl
LogPluginManager: Mounting plugin KDevelopSourceCodeAccess
LogPluginManager: Mounting plugin NullSourceCodeAccess
LogPluginManager: Mounting plugin PerforceSourceControl
LogPluginManager: Mounting plugin SubversionSourceControl
LogPluginManager: Mounting plugin UObjectPlugin
LogPluginManager: Mounting plugin VisualStudioCodeSourceCodeAccess
LogPluginManager: Mounting plugin VisualStudioSourceCodeAccess
LogPluginManager: Mounting plugin XCodeSourceCodeAccess
LogPluginManager: Mounting plugin AssetManagerEditor
LogPluginManager: Mounting plugin CryptoKeys
LogPluginManager: Mounting plugin CurveEditorTools
LogPluginManager: Mounting plugin DataValidation
LogPluginManager: Mounting plugin EditorScriptingUtilities
LogPluginManager: Mounting plugin FacialAnimation
LogPluginManager: Mounting plugin GameplayTagsEditor
LogPluginManager: Mounting plugin MacGraphicsSwitching
LogPluginManager: Mounting plugin MaterialAnalyzer
LogPluginManager: Mounting plugin MobileLauncherProfileWizard
LogPluginManager: Mounting plugin PluginBrowser
LogPluginManager: Mounting plugin SpeedTreeImporter
LogPluginManager: Mounting plugin DatasmithContent
LogPluginManager: Mounting plugin VariantManagerContent
LogPluginManager: Mounting plugin AlembicImporter
LogPluginManager: Mounting plugin AutomationUtils
LogPluginManager: Mounting plugin BackChannel
LogPluginManager: Mounting plugin CharacterAI
LogPluginManager: Mounting plugin GeometryCache
LogPluginManager: Mounting plugin HTML5Networking
LogPluginManager: Mounting plugin PlatformCrypto
LogPluginManager: Mounting plugin ProxyLODPlugin
LogPluginManager: Mounting plugin PythonScriptPlugin
LogPluginManager: Mounting plugin SkeletalReduction
LogPluginManager: Mounting plugin MagicLeap
LogPluginManager: Mounting plugin MagicLeapMedia
LogPluginManager: Mounting plugin AndroidMedia
LogPluginManager: Mounting plugin AvfMedia
LogPluginManager: Mounting plugin ImgMedia
LogPluginManager: Mounting plugin MediaCompositing
LogPluginManager: Mounting plugin MediaPlayerEditor
LogPluginManager: Mounting plugin WebMMedia
LogPluginManager: Mounting plugin WmfMedia
LogPluginManager: Mounting plugin TcpMessaging
LogPluginManager: Mounting plugin UdpMessaging
LogPluginManager: Mounting plugin ActorSequence
LogPluginManager: Mounting plugin LevelSequenceEditor
LogPluginManager: Mounting plugin MatineeToLevelSequence
LogPluginManager: Mounting plugin NetcodeUnitTest
LogPluginManager: Mounting plugin NUTUnrealEngine4
LogPluginManager: Mounting plugin OnlineSubsystemGooglePlay
LogPluginManager: Mounting plugin OnlineSubsystemIOS
LogPluginManager: Mounting plugin OnlineSubsystem
LogPluginManager: Mounting plugin OnlineSubsystemNull
LogPluginManager: Mounting plugin OnlineSubsystemUtils
LogPluginManager: Mounting plugin LauncherChunkInstaller
LogPluginManager: Mounting plugin AndroidDeviceProfileSelector
LogPluginManager: Mounting plugin AndroidMoviePlayer
LogPluginManager: Mounting plugin AndroidPermission
LogPluginManager: Mounting plugin AppleImageUtils
LogPluginManager: Mounting plugin AppleMoviePlayer
LogPluginManager: Mounting plugin ArchVisCharacter
LogPluginManager: Mounting plugin AudioCapture
LogPluginManager: Mounting plugin CableComponent
LogPluginManager: Mounting plugin CustomMeshComponent
LogPluginManager: Mounting plugin EditableMesh
LogPluginManager: Mounting plugin ExampleDeviceProfileSelector
LogPluginManager: Mounting plugin GoogleCloudMessaging
LogPluginManager: Mounting plugin IOSDeviceProfileSelector
LogPluginManager: Mounting plugin LinuxDeviceProfileSelector
LogPluginManager: Mounting plugin LocationServicesBPLibrary
LogPluginManager: Mounting plugin MobilePatchingUtils
LogPluginManager: Mounting plugin OculusVR
LogPluginManager: Mounting plugin PhysXVehicles
LogPluginManager: Mounting plugin ProceduralMeshComponent
LogPluginManager: Mounting plugin RuntimePhysXCooking
LogPluginManager: Mounting plugin SignificanceManager
LogPluginManager: Mounting plugin SteamVR
LogPluginManager: Mounting plugin WebMMoviePlayer
LogPluginManager: Mounting plugin WindowsMoviePlayer
LogPluginManager: Mounting plugin ScreenshotTools
LogInit: Using libcurl 7.55.1-DEV
LogInit:  - built for x86_64-pc-win32
LogInit:  - supports SSL with OpenSSL/1.1.1
LogInit:  - supports HTTP deflate (compression) using libz 1.2.8
LogInit:  - other features:
LogInit:      CURL_VERSION_SSL
LogInit:      CURL_VERSION_LIBZ
LogInit:      CURL_VERSION_IPV6
LogInit:      CURL_VERSION_ASYNCHDNS
LogInit:      CURL_VERSION_LARGEFILE
LogInit:      CURL_VERSION_IDN
LogInit:  CurlRequestOptions (configurable via config and command line):
LogInit:  - bVerifyPeer = true  - Libcurl will verify peer certificate
LogInit:  - bUseHttpProxy = false  - Libcurl will NOT use HTTP proxy
LogInit:  - bDontReuseConnections = false  - Libcurl will reuse connections
LogInit:  - MaxHostConnections = 16  - Libcurl will limit the number of connections to a host
LogInit:  - LocalHostAddr = Default
LogInit:  - BufferSize = 65536
LogOnline: OSS: Creating online subsystem instance for: NULL
LogInit: WinSock: version 1.1 (2.2), MaxSocks=32767, MaxUdp=65467
LogInit: Build: ++UE4+Release-4.23-CL-8386587
LogInit: Engine Version: 4.23.0-8386587+++UE4+Release-4.23
LogInit: Compatible Engine Version: 4.23.0-8386587+++UE4+Release-4.23
LogInit: Net CL: 8386587
LogInit: OS: Windows 10 (Release 2009) (), CPU: Intel(R) Core(TM) i7-8750H CPU @ 2.20GHz, GPU: Intel(R) UHD Graphics 630
LogInit: Compiled (64-bit): Aug 31 2019 02:04:44
LogInit: Compiled with Visual C++: 19.16.27030.01
LogInit: Build Configuration: Development
LogInit: Branch Name: ++UE4+Release-4.23
LogInit: Command Line: 
LogInit: Base Directory: D:/Games-Epic/UE_4.23/Engine/Binaries/Win64/
LogInit: Installed Engine Build: 1
LogDevObjectVersion: Number of dev versions registered: 23
LogDevObjectVersion:   Dev-Blueprints (B0D832E4-1F89-4F0D-ACCF-7EB736FD4AA2): 10
LogDevObjectVersion:   Dev-Build (E1C64328-A22C-4D53-A36C-8E866417BD8C): 0
LogDevObjectVersion:   Dev-Core (375EC13C-06E4-48FB-B500-84F0262A717E): 3
LogDevObjectVersion:   Dev-Editor (E4B068ED-F494-42E9-A231-DA0B2E46BB41): 34
LogDevObjectVersion:   Dev-Framework (CFFC743F-43B0-4480-9391-14DF171D2073): 35
LogDevObjectVersion:   Dev-Mobile (B02B49B5-BB20-44E9-A304-32B752E40360): 2
LogDevObjectVersion:   Dev-Networking (A4E4105C-59A1-49B5-A7C5-40C4547EDFEE): 0
LogDevObjectVersion:   Dev-Online (39C831C9-5AE6-47DC-9A44-9C173E1C8E7C): 0
LogDevObjectVersion:   Dev-Physics (78F01B33-EBEA-4F98-B9B4-84EACCB95AA2): 0
LogDevObjectVersion:   Dev-Platform (6631380F-2D4D-43E0-8009-CF276956A95A): 0
LogDevObjectVersion:   Dev-Rendering (12F88B9F-8875-4AFC-A67C-D90C383ABD29): 31
LogDevObjectVersion:   Dev-Sequencer (7B5AE74C-D270-4C10-A958-57980B212A5A): 11
LogDevObjectVersion:   Dev-VR (D7296918-1DD6-4BDD-9DE2-64A83CC13884): 2
LogDevObjectVersion:   Dev-LoadTimes (C2A15278-BFE7-4AFE-6C17-90FF531DF755): 1
LogDevObjectVersion:   Private-Geometry (6EACA3D4-40EC-4CC1-B786-8BED09428FC5): 3
LogDevObjectVersion:   Dev-AnimPhys (29E575DD-E0A3-4627-9D10-D276232CDCEA): 17
LogDevObjectVersion:   Dev-Anim (AF43A65D-7FD3-4947-9873-3E8ED9C1BB05): 2
LogDevObjectVersion:   Dev-ReflectionCapture (6B266CEC-1EC7-4B8F-A30B-E4D90942FC07): 1
LogDevObjectVersion:   Dev-Automation (0DF73D61-A23F-47EA-B727-89E90C41499A): 1
LogDevObjectVersion:   FortniteMain (601D1886-AC64-4F84-AA16-D3DE0DEAC7D6): 27
LogDevObjectVersion:   Dev-Enterprise (9DFFBCD6-494F-0158-E221-12823C92A888): 6
LogDevObjectVersion:   Dev-Niagara (F2AED0AC-9AFE-416F-8664-AA7FFA26D6FC): 1
LogDevObjectVersion:   Dev-Destruction (174F1F0B-B4C6-45A5-B13F-2EE8D0FB917D): 9
LogInit: Presizing for max 16777216 objects, including 0 objects not considered by GC, pre-allocating 0 bytes for permanent pool.
LogInit: Object subsystem initialized
LogConfig: Setting CVar [[con.DebugEarlyDefault:1]]
LogConfig: Setting CVar [[r.setres:1280x720]]
[2021.09.01-20.06.38:409][  0]LogConfig: Setting CVar [[r.VSync:0]]
[2021.09.01-20.06.38:409][  0]LogConfig: Setting CVar [[r.RHICmdBypass:0]]
[2021.09.01-20.06.38:409][  0]LogConfig: Applying CVar settings from Section [/Script/Engine.RendererSettings] File [D:/UnrealEngine/GitHub/demofps/demofps/Saved/Config/Windows/Engine.ini]
[2021.09.01-20.06.38:409][  0]LogConfig: Setting CVar [[r.GPUCrashDebugging:0]]
[2021.09.01-20.06.38:409][  0]LogConfig: Applying CVar settings from Section [/Script/Engine.RendererOverrideSettings] File [D:/UnrealEngine/GitHub/demofps/demofps/Saved/Config/Windows/Engine.ini]
[2021.09.01-20.06.38:409][  0]LogConfig: Applying CVar settings from Section [/Script/Engine.StreamingSettings] File [D:/UnrealEngine/GitHub/demofps/demofps/Saved/Config/Windows/Engine.ini]
[2021.09.01-20.06.38:409][  0]LogConfig: Setting CVar [[s.MinBulkDataSizeForAsyncLoading:131072]]
[2021.09.01-20.06.38:409][  0]LogConfig: Setting CVar [[s.AsyncLoadingThreadEnabled:0]]
[2021.09.01-20.06.38:409][  0]LogConfig: Setting CVar [[s.EventDrivenLoaderEnabled:1]]
[2021.09.01-20.06.38:409][  0]LogConfig: Setting CVar [[s.WarnIfTimeLimitExceeded:0]]
[2021.09.01-20.06.38:409][  0]LogConfig: Setting CVar [[s.TimeLimitExceededMultiplier:1.5]]
[2021.09.01-20.06.38:409][  0]LogConfig: Setting CVar [[s.TimeLimitExceededMinTime:0.005]]
[2021.09.01-20.06.38:409][  0]LogConfig: Setting CVar [[s.UseBackgroundLevelStreaming:1]]
[2021.09.01-20.06.38:409][  0]LogConfig: Setting CVar [[s.PriorityAsyncLoadingExtraTime:15.0]]
[2021.09.01-20.06.38:409][  0]LogConfig: Setting CVar [[s.LevelStreamingActorsUpdateTimeLimit:5.0]]
[2021.09.01-20.06.38:409][  0]LogConfig: Setting CVar [[s.PriorityLevelStreamingActorsUpdateExtraTime:5.0]]
[2021.09.01-20.06.38:409][  0]LogConfig: Setting CVar [[s.LevelStreamingComponentsRegistrationGranularity:10]]
[2021.09.01-20.06.38:409][  0]LogConfig: Setting CVar [[s.UnregisterComponentsTimeLimit:1.0]]
[2021.09.01-20.06.38:409][  0]LogConfig: Setting CVar [[s.LevelStreamingComponentsUnregistrationGranularity:5]]
[2021.09.01-20.06.38:409][  0]LogConfig: Applying CVar settings from Section [/Script/Engine.GarbageCollectionSettings] File [D:/UnrealEngine/GitHub/demofps/demofps/Saved/Config/Windows/Engine.ini]
[2021.09.01-20.06.38:409][  0]LogConfig: Setting CVar [[gc.MaxObjectsNotConsideredByGC:1]]
[2021.09.01-20.06.38:409][  0]LogConfig: Setting CVar [[gc.SizeOfPermanentObjectPool:0]]
[2021.09.01-20.06.38:409][  0]LogConfig: Setting CVar [[gc.FlushStreamingOnGC:0]]
[2021.09.01-20.06.38:409][  0]LogConfig: Setting CVar [[gc.NumRetriesBeforeForcingGC:10]]
[2021.09.01-20.06.38:409][  0]LogConfig: Setting CVar [[gc.AllowParallelGC:1]]
[2021.09.01-20.06.38:409][  0]LogConfig: Setting CVar [[gc.TimeBetweenPurgingPendingKillObjects:61.1]]
[2021.09.01-20.06.38:409][  0]LogConfig: Setting CVar [[gc.MaxObjectsInEditor:16777216]]
[2021.09.01-20.06.38:409][  0]LogConfig: Setting CVar [[gc.IncrementalBeginDestroyEnabled:1]]
[2021.09.01-20.06.38:409][  0]LogConfig: Setting CVar [[gc.CreateGCClusters:1]]
[2021.09.01-20.06.38:409][  0]LogConfig: Setting CVar [[gc.MinGCClusterSize:5]]
[2021.09.01-20.06.38:409][  0]LogConfig: Setting CVar [[gc.ActorClusteringEnabled:0]]
[2021.09.01-20.06.38:409][  0]LogConfig: Setting CVar [[gc.BlueprintClusteringEnabled:0]]
[2021.09.01-20.06.38:409][  0]LogConfig: Setting CVar [[gc.UseDisregardForGCOnDedicatedServers:0]]
[2021.09.01-20.06.38:409][  0]LogConfig: Applying CVar settings from Section [/Script/Engine.NetworkSettings] File [D:/UnrealEngine/GitHub/demofps/demofps/Saved/Config/Windows/Engine.ini]
[2021.09.01-20.06.38:409][  0]LogConfig: Applying CVar settings from Section [/Script/UnrealEd.CookerSettings] File [D:/UnrealEngine/GitHub/demofps/demofps/Saved/Config/Windows/Engine.ini]
[2021.09.01-20.06.38:412][  0]LogConfig: Applying CVar settings from Section [ViewDistanceQuality@3] File [D:/UnrealEngine/GitHub/demofps/demofps/Saved/Config/Windows/Scalability.ini]
[2021.09.01-20.06.38:412][  0]LogConfig: Setting CVar [[r.SkeletalMeshLODBias:0]]
[2021.09.01-20.06.38:412][  0]LogConfig: Setting CVar [[r.ViewDistanceScale:1.0]]
[2021.09.01-20.06.38:412][  0]LogConfig: Applying CVar settings from Section [AntiAliasingQuality@3] File [D:/UnrealEngine/GitHub/demofps/demofps/Saved/Config/Windows/Scalability.ini]
[2021.09.01-20.06.38:412][  0]LogConfig: Setting CVar [[r.PostProcessAAQuality:4]]
[2021.09.01-20.06.38:412][  0]LogConfig: Applying CVar settings from Section [ShadowQuality@3] File [D:/UnrealEngine/GitHub/demofps/demofps/Saved/Config/Windows/Scalability.ini]
[2021.09.01-20.06.38:412][  0]LogConfig: Setting CVar [[r.LightFunctionQuality:1]]
[2021.09.01-20.06.38:412][  0]LogConfig: Setting CVar [[r.ShadowQuality:5]]
[2021.09.01-20.06.38:412][  0]LogConfig: Setting CVar [[r.Shadow.CSM.MaxCascades:10]]
[2021.09.01-20.06.38:412][  0]LogConfig: Setting CVar [[r.Shadow.MaxResolution:2048]]
[2021.09.01-20.06.38:412][  0]LogConfig: Setting CVar [[r.Shadow.MaxCSMResolution:2048]]
[2021.09.01-20.06.38:412][  0]LogConfig: Setting CVar [[r.Shadow.RadiusThreshold:0.01]]
[2021.09.01-20.06.38:412][  0]LogConfig: Setting CVar [[r.Shadow.DistanceScale:1.0]]
[2021.09.01-20.06.38:412][  0]LogConfig: Setting CVar [[r.Shadow.CSM.TransitionScale:1.0]]
[2021.09.01-20.06.38:412][  0]LogConfig: Setting CVar [[r.Shadow.PreShadowResolutionFactor:1.0]]
[2021.09.01-20.06.38:412][  0]LogConfig: Setting CVar [[r.DistanceFieldShadowing:1]]
[2021.09.01-20.06.38:412][  0]LogConfig: Setting CVar [[r.DistanceFieldAO:1]]
[2021.09.01-20.06.38:412][  0]LogConfig: Setting CVar [[r.AOQuality:2]]
[2021.09.01-20.06.38:412][  0]LogConfig: Setting CVar [[r.VolumetricFog:1]]
[2021.09.01-20.06.38:412][  0]LogConfig: Setting CVar [[r.VolumetricFog.GridPixelSize:8]]
[2021.09.01-20.06.38:412][  0]LogConfig: Setting CVar [[r.VolumetricFog.GridSizeZ:128]]
[2021.09.01-20.06.38:412][  0]LogConfig: Setting CVar [[r.VolumetricFog.HistoryMissSupersampleCount:4]]
[2021.09.01-20.06.38:412][  0]LogConfig: Setting CVar [[r.LightMaxDrawDistanceScale:1]]
[2021.09.01-20.06.38:412][  0]LogConfig: Setting CVar [[r.CapsuleShadows:1]]
[2021.09.01-20.06.38:412][  0]LogConfig: Applying CVar settings from Section [PostProcessQuality@3] File [D:/UnrealEngine/GitHub/demofps/demofps/Saved/Config/Windows/Scalability.ini]
[2021.09.01-20.06.38:412][  0]LogConfig: Setting CVar [[r.MotionBlurQuality:4]]
[2021.09.01-20.06.38:412][  0]LogConfig: Setting CVar [[r.AmbientOcclusionMipLevelFactor:0.4]]
[2021.09.01-20.06.38:412][  0]LogConfig: Setting CVar [[r.AmbientOcclusionMaxQuality:100]]
[2021.09.01-20.06.38:412][  0]LogConfig: Setting CVar [[r.AmbientOcclusionLevels:-1]]
[2021.09.01-20.06.38:412][  0]LogConfig: Setting CVar [[r.AmbientOcclusionRadiusScale:1.0]]
[2021.09.01-20.06.38:412][  0]LogConfig: Setting CVar [[r.DepthOfFieldQuality:2]]
[2021.09.01-20.06.38:412][  0]LogConfig: Setting CVar [[r.RenderTargetPoolMin:400]]
[2021.09.01-20.06.38:412][  0]LogConfig: Setting CVar [[r.LensFlareQuality:2]]
[2021.09.01-20.06.38:412][  0]LogConfig: Setting CVar [[r.SceneColorFringeQuality:1]]
[2021.09.01-20.06.38:412][  0]LogConfig: Setting CVar [[r.EyeAdaptationQuality:2]]
[2021.09.01-20.06.38:412][  0]LogConfig: Setting CVar [[r.BloomQuality:5]]
[2021.09.01-20.06.38:412][  0]LogConfig: Setting CVar [[r.FastBlurThreshold:100]]
[2021.09.01-20.06.38:412][  0]LogConfig: Setting CVar [[r.Upscale.Quality:3]]
[2021.09.01-20.06.38:412][  0]LogConfig: Setting CVar [[r.Tonemapper.GrainQuantization:1]]
[2021.09.01-20.06.38:412][  0]LogConfig: Setting CVar [[r.LightShaftQuality:1]]
[2021.09.01-20.06.38:412][  0]LogConfig: Setting CVar [[r.Filter.SizeScale:1]]
[2021.09.01-20.06.38:412][  0]LogConfig: Setting CVar [[r.Tonemapper.Quality:5]]
[2021.09.01-20.06.38:412][  0]LogConfig: Setting CVar [[r.DOF.Gather.AccumulatorQuality:1        ; higher gathering accumulator quality]]
[2021.09.01-20.06.38:412][  0]LogConfig: Setting CVar [[r.DOF.Gather.PostfilterMethod:1          ; Median3x3 postfilering method]]
[2021.09.01-20.06.38:412][  0]LogConfig: Setting CVar [[r.DOF.Gather.EnableBokehSettings:0       ; no bokeh simulation when gathering]]
[2021.09.01-20.06.38:412][  0]LogConfig: Setting CVar [[r.DOF.Gather.RingCount:4                 ; medium number of samples when gathering]]
[2021.09.01-20.06.38:412][  0]LogConfig: Setting CVar [[r.DOF.Scatter.ForegroundCompositing:1    ; additive foreground scattering]]
[2021.09.01-20.06.38:412][  0]LogConfig: Setting CVar [[r.DOF.Scatter.BackgroundCompositing:2    ; additive background scattering]]
[2021.09.01-20.06.38:412][  0]LogConfig: Setting CVar [[r.DOF.Scatter.EnableBokehSettings:1      ; bokeh simulation when scattering]]
[2021.09.01-20.06.38:412][  0]LogConfig: Setting CVar [[r.DOF.Scatter.MaxSpriteRatio:0.1         ; only a maximum of 10% of scattered bokeh]]
[2021.09.01-20.06.38:412][  0]LogConfig: Setting CVar [[r.DOF.Recombine.Quality:1                ; cheap slight out of focus]]
[2021.09.01-20.06.38:412][  0]LogConfig: Setting CVar [[r.DOF.Recombine.EnableBokehSettings:0    ; no bokeh simulation on slight out of focus]]
[2021.09.01-20.06.38:412][  0]LogConfig: Setting CVar [[r.DOF.TemporalAAQuality:1                ; more stable temporal accumulation]]
[2021.09.01-20.06.38:412][  0]LogConfig: Setting CVar [[r.DOF.Kernel.MaxForegroundRadius:0.025]]
[2021.09.01-20.06.38:412][  0]LogConfig: Setting CVar [[r.DOF.Kernel.MaxBackgroundRadius:0.025]]
[2021.09.01-20.06.38:412][  0]LogConfig: Applying CVar settings from Section [TextureQuality@3] File [D:/UnrealEngine/GitHub/demofps/demofps/Saved/Config/Windows/Scalability.ini]
[2021.09.01-20.06.38:412][  0]LogConfig: Setting CVar [[r.Streaming.MipBias:0]]
[2021.09.01-20.06.38:412][  0]LogConfig: Setting CVar [[r.Streaming.AmortizeCPUToGPUCopy:0]]
[2021.09.01-20.06.38:412][  0]LogConfig: Setting CVar [[r.Streaming.MaxNumTexturesToStreamPerFrame:0]]
[2021.09.01-20.06.38:412][  0]LogConfig: Setting CVar [[r.Streaming.Boost:1]]
[2021.09.01-20.06.38:412][  0]LogConfig: Setting CVar [[r.MaxAnisotropy:8]]
[2021.09.01-20.06.38:412][  0]LogConfig: Setting CVar [[r.Streaming.LimitPoolSizeToVRAM:0]]
[2021.09.01-20.06.38:412][  0]LogConfig: Setting CVar [[r.Streaming.PoolSize:1000]]
[2021.09.01-20.06.38:413][  0]LogConfig: Setting CVar [[r.Streaming.MaxEffectiveScreenSize:0]]
[2021.09.01-20.06.38:413][  0]LogConfig: Applying CVar settings from Section [EffectsQuality@3] File [D:/UnrealEngine/GitHub/demofps/demofps/Saved/Config/Windows/Scalability.ini]
[2021.09.01-20.06.38:413][  0]LogConfig: Setting CVar [[r.TranslucencyLightingVolumeDim:64]]
[2021.09.01-20.06.38:413][  0]LogConfig: Setting CVar [[r.RefractionQuality:2]]
[2021.09.01-20.06.38:413][  0]LogConfig: Setting CVar [[r.SSR.Quality:3]]
[2021.09.01-20.06.38:413][  0]LogConfig: Setting CVar [[r.SceneColorFormat:4]]
[2021.09.01-20.06.38:413][  0]LogConfig: Setting CVar [[r.DetailMode:2]]
[2021.09.01-20.06.38:413][  0]LogConfig: Setting CVar [[r.TranslucencyVolumeBlur:1]]
[2021.09.01-20.06.38:413][  0]LogConfig: Setting CVar [[r.MaterialQualityLevel:1 ; High quality]]
[2021.09.01-20.06.38:413][  0]LogConfig: Setting CVar [[r.SSS.Scale:1]]
[2021.09.01-20.06.38:413][  0]LogConfig: Setting CVar [[r.SSS.SampleSet:2]]
[2021.09.01-20.06.38:413][  0]LogConfig: Setting CVar [[r.SSS.Quality:1]]
[2021.09.01-20.06.38:413][  0]LogConfig: Setting CVar [[r.SSS.HalfRes:1]]
[2021.09.01-20.06.38:413][  0]LogConfig: Setting CVar [[r.EmitterSpawnRateScale:1.0]]
[2021.09.01-20.06.38:413][  0]LogConfig: Setting CVar [[r.ParticleLightQuality:2]]
[2021.09.01-20.06.38:413][  0]LogConfig: Applying CVar settings from Section [FoliageQuality@3] File [D:/UnrealEngine/GitHub/demofps/demofps/Saved/Config/Windows/Scalability.ini]
[2021.09.01-20.06.38:413][  0]LogConfig: Setting CVar [[foliage.DensityScale:1.0]]
[2021.09.01-20.06.38:413][  0]LogConfig: Setting CVar [[grass.DensityScale:1.0]]
[2021.09.01-20.06.38:413][  0]LogInit: Selected Device Profile: [Windows]
[2021.09.01-20.06.38:413][  0]LogInit: Applying CVar settings loaded from the selected device profile: [Windows]
[2021.09.01-20.06.38:415][  0]LogHAL: Display: Platform has ~ 8 GB [8428679168 / 8589934592 / 8], which maps to Default [LargestMinGB=32, LargerMinGB=12, DefaultMinGB=8, SmallerMinGB=6, SmallestMinGB=0)
[2021.09.01-20.06.38:415][  0]LogInit: Going up to parent DeviceProfile []
[2021.09.01-20.06.38:415][  0]LogConfig: Applying CVar settings from Section [ViewDistanceQuality@3] File [D:/UnrealEngine/GitHub/demofps/demofps/Saved/Config/Windows/Scalability.ini]
[2021.09.01-20.06.38:415][  0]LogConfig: Setting CVar [[r.SkeletalMeshLODBias:0]]
[2021.09.01-20.06.38:415][  0]LogConfig: Setting CVar [[r.ViewDistanceScale:1.0]]
[2021.09.01-20.06.38:415][  0]LogConfig: Applying CVar settings from Section [AntiAliasingQuality@3] File [D:/UnrealEngine/GitHub/demofps/demofps/Saved/Config/Windows/Scalability.ini]
[2021.09.01-20.06.38:415][  0]LogConfig: Setting CVar [[r.PostProcessAAQuality:4]]
[2021.09.01-20.06.38:415][  0]LogConfig: Applying CVar settings from Section [ShadowQuality@3] File [D:/UnrealEngine/GitHub/demofps/demofps/Saved/Config/Windows/Scalability.ini]
[2021.09.01-20.06.38:415][  0]LogConfig: Setting CVar [[r.LightFunctionQuality:1]]
[2021.09.01-20.06.38:415][  0]LogConfig: Setting CVar [[r.ShadowQuality:5]]
[2021.09.01-20.06.38:415][  0]LogConfig: Setting CVar [[r.Shadow.CSM.MaxCascades:10]]
[2021.09.01-20.06.38:415][  0]LogConfig: Setting CVar [[r.Shadow.MaxResolution:2048]]
[2021.09.01-20.06.38:415][  0]LogConfig: Setting CVar [[r.Shadow.MaxCSMResolution:2048]]
[2021.09.01-20.06.38:415][  0]LogConfig: Setting CVar [[r.Shadow.RadiusThreshold:0.01]]
[2021.09.01-20.06.38:415][  0]LogConfig: Setting CVar [[r.Shadow.DistanceScale:1.0]]
[2021.09.01-20.06.38:415][  0]LogConfig: Setting CVar [[r.Shadow.CSM.TransitionScale:1.0]]
[2021.09.01-20.06.38:415][  0]LogConfig: Setting CVar [[r.Shadow.PreShadowResolutionFactor:1.0]]
[2021.09.01-20.06.38:415][  0]LogConfig: Setting CVar [[r.DistanceFieldShadowing:1]]
[2021.09.01-20.06.38:415][  0]LogConfig: Setting CVar [[r.DistanceFieldAO:1]]
[2021.09.01-20.06.38:415][  0]LogConfig: Setting CVar [[r.AOQuality:2]]
[2021.09.01-20.06.38:415][  0]LogConfig: Setting CVar [[r.VolumetricFog:1]]
[2021.09.01-20.06.38:415][  0]LogConfig: Setting CVar [[r.VolumetricFog.GridPixelSize:8]]
[2021.09.01-20.06.38:415][  0]LogConfig: Setting CVar [[r.VolumetricFog.GridSizeZ:128]]
[2021.09.01-20.06.38:415][  0]LogConfig: Setting CVar [[r.VolumetricFog.HistoryMissSupersampleCount:4]]
[2021.09.01-20.06.38:415][  0]LogConfig: Setting CVar [[r.LightMaxDrawDistanceScale:1]]
[2021.09.01-20.06.38:415][  0]LogConfig: Setting CVar [[r.CapsuleShadows:1]]
[2021.09.01-20.06.38:415][  0]LogConfig: Applying CVar settings from Section [PostProcessQuality@3] File [D:/UnrealEngine/GitHub/demofps/demofps/Saved/Config/Windows/Scalability.ini]
[2021.09.01-20.06.38:415][  0]LogConfig: Setting CVar [[r.MotionBlurQuality:4]]
[2021.09.01-20.06.38:415][  0]LogConfig: Setting CVar [[r.AmbientOcclusionMipLevelFactor:0.4]]
[2021.09.01-20.06.38:415][  0]LogConfig: Setting CVar [[r.AmbientOcclusionMaxQuality:100]]
[2021.09.01-20.06.38:415][  0]LogConfig: Setting CVar [[r.AmbientOcclusionLevels:-1]]
[2021.09.01-20.06.38:416][  0]LogConfig: Setting CVar [[r.AmbientOcclusionRadiusScale:1.0]]
[2021.09.01-20.06.38:416][  0]LogConfig: Setting CVar [[r.DepthOfFieldQuality:2]]
[2021.09.01-20.06.38:416][  0]LogConfig: Setting CVar [[r.RenderTargetPoolMin:400]]
[2021.09.01-20.06.38:416][  0]LogConfig: Setting CVar [[r.LensFlareQuality:2]]
[2021.09.01-20.06.38:416][  0]LogConfig: Setting CVar [[r.SceneColorFringeQuality:1]]
[2021.09.01-20.06.38:416][  0]LogConfig: Setting CVar [[r.EyeAdaptationQuality:2]]
[2021.09.01-20.06.38:416][  0]LogConfig: Setting CVar [[r.BloomQuality:5]]
[2021.09.01-20.06.38:416][  0]LogConfig: Setting CVar [[r.FastBlurThreshold:100]]
[2021.09.01-20.06.38:416][  0]LogConfig: Setting CVar [[r.Upscale.Quality:3]]
[2021.09.01-20.06.38:416][  0]LogConfig: Setting CVar [[r.Tonemapper.GrainQuantization:1]]
[2021.09.01-20.06.38:416][  0]LogConfig: Setting CVar [[r.LightShaftQuality:1]]
[2021.09.01-20.06.38:416][  0]LogConfig: Setting CVar [[r.Filter.SizeScale:1]]
[2021.09.01-20.06.38:416][  0]LogConfig: Setting CVar [[r.Tonemapper.Quality:5]]
[2021.09.01-20.06.38:416][  0]LogConfig: Setting CVar [[r.DOF.Gather.AccumulatorQuality:1        ; higher gathering accumulator quality]]
[2021.09.01-20.06.38:416][  0]LogConfig: Setting CVar [[r.DOF.Gather.PostfilterMethod:1          ; Median3x3 postfilering method]]
[2021.09.01-20.06.38:416][  0]LogConfig: Setting CVar [[r.DOF.Gather.EnableBokehSettings:0       ; no bokeh simulation when gathering]]
[2021.09.01-20.06.38:416][  0]LogConfig: Setting CVar [[r.DOF.Gather.RingCount:4                 ; medium number of samples when gathering]]
[2021.09.01-20.06.38:416][  0]LogConfig: Setting CVar [[r.DOF.Scatter.ForegroundCompositing:1    ; additive foreground scattering]]
[2021.09.01-20.06.38:416][  0]LogConfig: Setting CVar [[r.DOF.Scatter.BackgroundCompositing:2    ; additive background scattering]]
[2021.09.01-20.06.38:416][  0]LogConfig: Setting CVar [[r.DOF.Scatter.EnableBokehSettings:1      ; bokeh simulation when scattering]]
[2021.09.01-20.06.38:416][  0]LogConfig: Setting CVar [[r.DOF.Scatter.MaxSpriteRatio:0.1         ; only a maximum of 10% of scattered bokeh]]
[2021.09.01-20.06.38:416][  0]LogConfig: Setting CVar [[r.DOF.Recombine.Quality:1                ; cheap slight out of focus]]
[2021.09.01-20.06.38:416][  0]LogConfig: Setting CVar [[r.DOF.Recombine.EnableBokehSettings:0    ; no bokeh simulation on slight out of focus]]
[2021.09.01-20.06.38:416][  0]LogConfig: Setting CVar [[r.DOF.TemporalAAQuality:1                ; more stable temporal accumulation]]
[2021.09.01-20.06.38:416][  0]LogConfig: Setting CVar [[r.DOF.Kernel.MaxForegroundRadius:0.025]]
[2021.09.01-20.06.38:416][  0]LogConfig: Setting CVar [[r.DOF.Kernel.MaxBackgroundRadius:0.025]]
[2021.09.01-20.06.38:416][  0]LogConfig: Applying CVar settings from Section [TextureQuality@3] File [D:/UnrealEngine/GitHub/demofps/demofps/Saved/Config/Windows/Scalability.ini]
[2021.09.01-20.06.38:416][  0]LogConfig: Setting CVar [[r.Streaming.MipBias:0]]
[2021.09.01-20.06.38:416][  0]LogConfig: Setting CVar [[r.Streaming.AmortizeCPUToGPUCopy:0]]
[2021.09.01-20.06.38:416][  0]LogConfig: Setting CVar [[r.Streaming.MaxNumTexturesToStreamPerFrame:0]]
[2021.09.01-20.06.38:416][  0]LogConfig: Setting CVar [[r.Streaming.Boost:1]]
[2021.09.01-20.06.38:416][  0]LogConfig: Setting CVar [[r.MaxAnisotropy:8]]
[2021.09.01-20.06.38:416][  0]LogConfig: Setting CVar [[r.Streaming.LimitPoolSizeToVRAM:0]]
[2021.09.01-20.06.38:416][  0]LogConfig: Setting CVar [[r.Streaming.PoolSize:1000]]
[2021.09.01-20.06.38:416][  0]LogConfig: Setting CVar [[r.Streaming.MaxEffectiveScreenSize:0]]
[2021.09.01-20.06.38:416][  0]LogConfig: Applying CVar settings from Section [EffectsQuality@3] File [D:/UnrealEngine/GitHub/demofps/demofps/Saved/Config/Windows/Scalability.ini]
[2021.09.01-20.06.38:416][  0]LogConfig: Setting CVar [[r.TranslucencyLightingVolumeDim:64]]
[2021.09.01-20.06.38:416][  0]LogConfig: Setting CVar [[r.RefractionQuality:2]]
[2021.09.01-20.06.38:416][  0]LogConfig: Setting CVar [[r.SSR.Quality:3]]
[2021.09.01-20.06.38:416][  0]LogConfig: Setting CVar [[r.SceneColorFormat:4]]
[2021.09.01-20.06.38:416][  0]LogConfig: Setting CVar [[r.DetailMode:2]]
[2021.09.01-20.06.38:416][  0]LogConfig: Setting CVar [[r.TranslucencyVolumeBlur:1]]
[2021.09.01-20.06.38:416][  0]LogConfig: Setting CVar [[r.MaterialQualityLevel:1 ; High quality]]
[2021.09.01-20.06.38:416][  0]LogConfig: Setting CVar [[r.SSS.Scale:1]]
[2021.09.01-20.06.38:416][  0]LogConfig: Setting CVar [[r.SSS.SampleSet:2]]
[2021.09.01-20.06.38:416][  0]LogConfig: Setting CVar [[r.SSS.Quality:1]]
[2021.09.01-20.06.38:416][  0]LogConfig: Setting CVar [[r.SSS.HalfRes:1]]
[2021.09.01-20.06.38:416][  0]LogConfig: Setting CVar [[r.EmitterSpawnRateScale:1.0]]
[2021.09.01-20.06.38:416][  0]LogConfig: Setting CVar [[r.ParticleLightQuality:2]]
[2021.09.01-20.06.38:416][  0]LogConfig: Applying CVar settings from Section [FoliageQuality@3] File [D:/UnrealEngine/GitHub/demofps/demofps/Saved/Config/Windows/Scalability.ini]
[2021.09.01-20.06.38:416][  0]LogConfig: Setting CVar [[foliage.DensityScale:1.0]]
[2021.09.01-20.06.38:416][  0]LogConfig: Setting CVar [[grass.DensityScale:1.0]]
[2021.09.01-20.06.38:416][  0]LogConfig: Applying CVar settings from Section [Startup] File [../../../Engine/Config/ConsoleVariables.ini]
[2021.09.01-20.06.38:416][  0]LogConfig: Setting CVar [[net.UseAdaptiveNetUpdateFrequency:0]]
[2021.09.01-20.06.38:416][  0]LogConfig: Setting CVar [[p.chaos.AllowCreatePhysxBodies:1]]
[2021.09.01-20.06.38:416][  0]LogConfig: Applying CVar settings from Section [ConsoleVariables] File [D:/UnrealEngine/GitHub/demofps/demofps/Saved/Config/Windows/Engine.ini]
[2021.09.01-20.06.38:416][  0]LogInit: Computer: MSI
[2021.09.01-20.06.38:416][  0]LogInit: User: bluesnarfer
[2021.09.01-20.06.38:416][  0]LogInit: CPU Page size=4096, Cores=6
[2021.09.01-20.06.38:416][  0]LogInit: High frequency timer resolution =10.000000 MHz
[2021.09.01-20.06.38:417][  0]LogMemory: Memory total: Physical=7.8GB (8GB approx)
[2021.09.01-20.06.38:417][  0]LogMemory: Platform Memory Stats for Windows
[2021.09.01-20.06.38:417][  0]LogMemory: Process Physical Memory: 102.84 MB used, 102.84 MB peak
[2021.09.01-20.06.38:417][  0]LogMemory: Process Virtual Memory: 102.39 MB used, 102.39 MB peak
[2021.09.01-20.06.38:417][  0]LogMemory: Physical Memory: 4949.02 MB used,  3089.19 MB free, 8038.21 MB total
[2021.09.01-20.06.38:417][  0]LogMemory: Virtual Memory: 4693.08 MB used,  134213032.00 MB free, 134217728.00 MB total
[2021.09.01-20.06.38:420][  0]LogWindows: WindowsPlatformFeatures enabled
[2021.09.01-20.06.38:450][  0]LogInit: Using OS detected language (en-US).
[2021.09.01-20.06.38:450][  0]LogInit: Using OS detected locale (en-US).
[2021.09.01-20.06.38:451][  0]LogTextLocalizationManager: No specific localization for 'en-US' exists, so the 'en' localization will be used.
[2021.09.01-20.06.38:605][  0]LogSlate: New Slate User Created.  User Index 0, Is Virtual User: 0
[2021.09.01-20.06.38:605][  0]LogSlate: Slate User Registered.  User Index 0, Is Virtual User: 0
[2021.09.01-20.06.38:759][  0]LogHMD: Failed to initialize OpenVR with code 110
[2021.09.01-20.06.38:759][  0]LogD3D11RHI: D3D11 adapters:
[2021.09.01-20.06.38:854][  0]LogD3D11RHI:    0. 'NVIDIA GeForce GTX 1050' (Feature Level 11_0)
[2021.09.01-20.06.38:854][  0]LogD3D11RHI:       1979/0/4019 MB DedicatedVideo/DedicatedSystem/SharedSystem, Outputs:1, VendorId:0x10de
[2021.09.01-20.06.38:876][  0]LogD3D11RHI:    1. 'Intel(R) UHD Graphics 630' (Feature Level 11_0)
[2021.09.01-20.06.38:876][  0]LogD3D11RHI:       128/0/4019 MB DedicatedVideo/DedicatedSystem/SharedSystem, Outputs:0, VendorId:0x8086
[2021.09.01-20.06.38:878][  0]LogD3D11RHI:    2. 'Microsoft Basic Render Driver' (Feature Level 11_0)
[2021.09.01-20.06.38:878][  0]LogD3D11RHI:       0/0/4019 MB DedicatedVideo/DedicatedSystem/SharedSystem, Outputs:0, VendorId:0x1414
[2021.09.01-20.06.38:878][  0]LogD3D11RHI: Chosen D3D11 Adapter: 0
[2021.09.01-20.06.38:883][  0]LogD3D11RHI: Creating new Direct3DDevice
[2021.09.01-20.06.38:883][  0]LogD3D11RHI:     GPU DeviceId: 0x1c8d (for the marketing name, search the web for "GPU Device Id")
[2021.09.01-20.06.38:883][  0]LogWindows: EnumDisplayDevices:
[2021.09.01-20.06.38:883][  0]LogWindows:    0. 'Intel(R) UHD Graphics 630' (P:1 D:1)
[2021.09.01-20.06.38:884][  0]LogWindows:    1. 'Intel(R) UHD Graphics 630' (P:0 D:0)
[2021.09.01-20.06.38:884][  0]LogWindows:    2. 'Intel(R) UHD Graphics 630' (P:0 D:0)
[2021.09.01-20.06.38:884][  0]LogWindows: DebugString: PrimaryIsNotTheChoosenAdapter PrimaryIsNotTheChoosenAdapter PrimaryIsNotTheChoosenAdapter FoundDriverCount:0 
[2021.09.01-20.06.38:884][  0]LogD3D11RHI:     Adapter Name: NVIDIA GeForce GTX 1050
[2021.09.01-20.06.38:884][  0]LogD3D11RHI:   Driver Version: Unknown (internal:Unknown, unified:Unknown)
[2021.09.01-20.06.38:884][  0]LogD3D11RHI:      Driver Date: Unknown
[2021.09.01-20.06.38:884][  0]LogRHI: Texture pool is 1385 MB (70% of 1979 MB)
[2021.09.01-20.06.38:956][  0]LogD3D11RHI: Async texture creation enabled
[2021.09.01-20.06.38:970][  0]LogD3D11RHI: GPU Timing Frequency: 1000.000000 (Debug: 2 1)
[2021.09.01-20.06.39:232][  0]LogTemp: Display: Module 'AllDesktopTargetPlatform' loaded TargetPlatform 'AllDesktop'
[2021.09.01-20.06.39:239][  0]LogTemp: Display: Module 'MacClientTargetPlatform' loaded TargetPlatform 'MacClient'
[2021.09.01-20.06.39:245][  0]LogTemp: Display: Module 'MacNoEditorTargetPlatform' loaded TargetPlatform 'MacNoEditor'
[2021.09.01-20.06.39:252][  0]LogTemp: Display: Module 'MacServerTargetPlatform' loaded TargetPlatform 'MacServer'
[2021.09.01-20.06.39:258][  0]LogTemp: Display: Module 'MacTargetPlatform' loaded TargetPlatform 'Mac'
[2021.09.01-20.06.39:265][  0]LogTemp: Display: Module 'WindowsClientTargetPlatform' loaded TargetPlatform 'WindowsClient'
[2021.09.01-20.06.39:272][  0]LogTemp: Display: Module 'WindowsNoEditorTargetPlatform' loaded TargetPlatform 'WindowsNoEditor'
[2021.09.01-20.06.39:278][  0]LogTemp: Display: Module 'WindowsServerTargetPlatform' loaded TargetPlatform 'WindowsServer'
[2021.09.01-20.06.39:282][  0]LogTemp: Display: Module 'WindowsTargetPlatform' loaded TargetPlatform 'Windows'
[2021.09.01-20.06.39:310][  0]LogTemp: Display: Module 'AndroidTargetPlatform' loaded TargetPlatform 'Android'
[2021.09.01-20.06.39:310][  0]LogTemp: Display: Module 'AndroidTargetPlatform' loaded TargetPlatform 'Android_ASTC'
[2021.09.01-20.06.39:310][  0]LogTemp: Display: Module 'AndroidTargetPlatform' loaded TargetPlatform 'Android_ATC'
[2021.09.01-20.06.39:310][  0]LogTemp: Display: Module 'AndroidTargetPlatform' loaded TargetPlatform 'Android_DXT'
[2021.09.01-20.06.39:310][  0]LogTemp: Display: Module 'AndroidTargetPlatform' loaded TargetPlatform 'Android_ETC1'
[2021.09.01-20.06.39:310][  0]LogTemp: Display: Module 'AndroidTargetPlatform' loaded TargetPlatform 'Android_ETC1a'
[2021.09.01-20.06.39:310][  0]LogTemp: Display: Module 'AndroidTargetPlatform' loaded TargetPlatform 'Android_ETC2'
[2021.09.01-20.06.39:310][  0]LogTemp: Display: Module 'AndroidTargetPlatform' loaded TargetPlatform 'Android_PVRTC'
[2021.09.01-20.06.39:310][  0]LogTemp: Display: Module 'AndroidTargetPlatform' loaded TargetPlatform 'AndroidClient'
[2021.09.01-20.06.39:310][  0]LogTemp: Display: Module 'AndroidTargetPlatform' loaded TargetPlatform 'Android_ASTCClient'
[2021.09.01-20.06.39:310][  0]LogTemp: Display: Module 'AndroidTargetPlatform' loaded TargetPlatform 'Android_ATCClient'
[2021.09.01-20.06.39:310][  0]LogTemp: Display: Module 'AndroidTargetPlatform' loaded TargetPlatform 'Android_DXTClient'
[2021.09.01-20.06.39:310][  0]LogTemp: Display: Module 'AndroidTargetPlatform' loaded TargetPlatform 'Android_ETC1Client'
[2021.09.01-20.06.39:310][  0]LogTemp: Display: Module 'AndroidTargetPlatform' loaded TargetPlatform 'Android_ETC1aClient'
[2021.09.01-20.06.39:310][  0]LogTemp: Display: Module 'AndroidTargetPlatform' loaded TargetPlatform 'Android_ETC2Client'
[2021.09.01-20.06.39:310][  0]LogTemp: Display: Module 'AndroidTargetPlatform' loaded TargetPlatform 'Android_PVRTCClient'
[2021.09.01-20.06.39:310][  0]LogTemp: Display: Module 'AndroidTargetPlatform' loaded TargetPlatform 'Android_Multi'
[2021.09.01-20.06.39:310][  0]LogTemp: Display: Module 'AndroidTargetPlatform' loaded TargetPlatform 'Android_MultiClient'
[2021.09.01-20.06.39:312][  0]LogTemp: Display: Module 'HTML5TargetPlatform' loaded TargetPlatform 'HTML5'
[2021.09.01-20.06.39:324][  0]LogTemp: Display: Module 'IOSTargetPlatform' loaded TargetPlatform 'IOSClient'
[2021.09.01-20.06.39:324][  0]LogTemp: Display: Module 'IOSTargetPlatform' loaded TargetPlatform 'IOS'
[2021.09.01-20.06.39:335][  0]LogTemp: Display: Module 'TVOSTargetPlatform' loaded TargetPlatform 'TVOSClient'
[2021.09.01-20.06.39:335][  0]LogTemp: Display: Module 'TVOSTargetPlatform' loaded TargetPlatform 'TVOS'
[2021.09.01-20.06.39:340][  0]LogTemp: Display: Module 'LinuxClientTargetPlatform' loaded TargetPlatform 'LinuxClient'
[2021.09.01-20.06.39:346][  0]LogTemp: Display: Module 'LinuxNoEditorTargetPlatform' loaded TargetPlatform 'LinuxNoEditor'
[2021.09.01-20.06.39:351][  0]LogTemp: Display: Module 'LinuxServerTargetPlatform' loaded TargetPlatform 'LinuxServer'
[2021.09.01-20.06.39:357][  0]LogTemp: Display: Module 'LinuxTargetPlatform' loaded TargetPlatform 'Linux'
[2021.09.01-20.06.39:375][  0]LogTemp: Display: Module 'LuminTargetPlatform' loaded TargetPlatform 'Lumin'
[2021.09.01-20.06.39:375][  0]LogTemp: Display: Module 'LuminTargetPlatform' loaded TargetPlatform 'LuminClient'
[2021.09.01-20.06.39:375][  0]LogTargetPlatformManager: Display: Building Assets For Windows
[2021.09.01-20.06.39:380][  0]LogAudioDebug: Display: Lib vorbis DLL was dynamically loaded.
[2021.09.01-20.06.39:411][  0]LogShaderCompilers: Guid format shader working directory is 1 characters bigger than the processId version (../../../../../UnrealEngine/GitHub/demofps/demofps/Intermediate/Shaders/WorkingDirectory/10448/).
[2021.09.01-20.06.39:411][  0]LogShaderCompilers: Cleaned the shader compiler working directory 'C:/Users/bluesnarfer/AppData/Local/Temp/UnrealShaderWorkingDir/52C959D64C678B36EE6A7AA60E84E44C/'.
[2021.09.01-20.06.39:413][  0]LogXGEController: Cannot use XGE Controller as Incredibuild is not installed on this machine.
[2021.09.01-20.06.39:413][  0]LogShaderCompilers: Cannot use XGE Shader Compiler as Incredibuild is not installed on this machine.
[2021.09.01-20.06.39:413][  0]LogShaderCompilers: Display: Using Local Shader Compiler.
[2021.09.01-20.06.39:914][  0]LogDerivedDataCache: Display: Max Cache Size: 512 MB
[2021.09.01-20.06.39:964][  0]LogDerivedDataCache: Loaded boot cache 0.05s 73MB C:/Users/bluesnarfer/AppData/Local/UnrealEngine/4.23/DerivedDataCache/Boot.ddc.
[2021.09.01-20.06.39:964][  0]LogDerivedDataCache: Display: Loaded Boot cache: C:/Users/bluesnarfer/AppData/Local/UnrealEngine/4.23/DerivedDataCache/Boot.ddc
[2021.09.01-20.06.39:964][  0]LogDerivedDataCache: FDerivedDataBackendGraph:  Pak pak cache file ../../../../../UnrealEngine/GitHub/demofps/demofps/DerivedDataCache/DDC.ddp not found, will not use a pak cache.
[2021.09.01-20.06.39:964][  0]LogDerivedDataCache: Unable to find inner node Pak for hierarchical cache Hierarchy.
[2021.09.01-20.06.39:964][  0]LogDerivedDataCache: FDerivedDataBackendGraph:  CompressedPak pak cache file ../../../../../UnrealEngine/GitHub/demofps/demofps/DerivedDataCache/Compressed.ddp not found, will not use a pak cache.
[2021.09.01-20.06.39:964][  0]LogDerivedDataCache: Unable to find inner node CompressedPak for hierarchical cache Hierarchy.
[2021.09.01-20.06.39:974][  0]LogDerivedDataCache: Display: Pak cache opened for reading ../../../Engine/DerivedDataCache/Compressed.ddp.
[2021.09.01-20.06.39:974][  0]LogDerivedDataCache: FDerivedDataBackendGraph:  EnterprisePak pak cache file ../../../Enterprise/DerivedDataCache/Compressed.ddp not found, will not use a pak cache.
[2021.09.01-20.06.39:974][  0]LogDerivedDataCache: Unable to find inner node EnterprisePak for hierarchical cache Hierarchy.
[2021.09.01-20.06.39:975][  0]LogDerivedDataCache: Using Local data cache path C:/Users/bluesnarfer/AppData/Local/UnrealEngine/Common/DerivedDataCache: Writable
[2021.09.01-20.06.39:975][  0]LogDerivedDataCache: Shared data cache path not found in *engine.ini, will not use an Shared cache.
[2021.09.01-20.06.39:975][  0]LogDerivedDataCache: Unable to find inner node Shared for hierarchical cache Hierarchy.
[2021.09.01-20.06.39:993][  0]LogMaterial: Verifying Global Shaders for PCD3D_SM5
[2021.09.01-20.06.39:995][  0]LogSlate: Using FreeType 2.6.0
[2021.09.01-20.06.39:995][  0]LogSlate: SlateFontServices - WITH_FREETYPE: 1, WITH_HARFBUZZ: 1
[2021.09.01-20.06.40:038][  0]LogAssetRegistry: FAssetRegistry took 0.0019 seconds to start up
[2021.09.01-20.06.40:259][  0]LogInit: Selected Device Profile: [Windows]
[2021.09.01-20.06.40:377][  0]LogMeshReduction: Using QuadricMeshReduction for automatic static mesh reduction
[2021.09.01-20.06.40:377][  0]LogMeshReduction: Using SimplygonMeshReduction for automatic skeletal mesh reduction
[2021.09.01-20.06.40:377][  0]LogMeshReduction: Using ProxyLODMeshReduction for automatic mesh merging
[2021.09.01-20.06.40:377][  0]LogMeshReduction: No distributed automatic mesh merging module available
[2021.09.01-20.06.40:377][  0]LogMeshMerging: No distributed automatic mesh merging module available
[2021.09.01-20.06.40:385][  0]LogNetVersion: demofps 1.0.0, NetCL: 8386587, EngineNetVer: 11, GameNetVer: 0 (Checksum: 481189384)
[2021.09.01-20.06.40:526][  0]LogClass: Warning: In asset 'None', there is an enum property of type 'EDepthOfFieldMethod' with an invalid value of '('
[2021.09.01-20.06.40:714][  0]LogPackageLocalizationCache: Processed 13 localized package path(s) for 1 prioritized culture(s) in 0.032386 seconds
[2021.09.01-20.06.40:720][  0]LogUObjectArray: 43444 objects as part of root set at end of initial load.
[2021.09.01-20.06.40:720][  0]LogUObjectAllocator: 7548648 out of 0 bytes used by permanent object pool.
[2021.09.01-20.06.40:720][  0]LogUObjectArray: CloseDisregardForGC: 0/0 objects in disregard for GC pool
[2021.09.01-20.06.41:327][  0]LogPython: Using Python 2.7.14
[2021.09.01-20.06.41:910][  0]FUdpSocketBuilder: Failed to subscribe PythonRemoteExecutionBroadcastSocket to multicast group 239.0.0.1 on interface 0.0.0.0
[2021.09.01-20.06.41:910][  0]FUdpSocketBuilder: Failed to create and initialize socket PythonRemoteExecutionBroadcastSocket (last error: 0)
[2021.09.01-20.06.41:910][  0]LogPythonRemoteExecution: Error: Failed to open remote execution broadcast channel! Check your settings and the output log for more information.
[2021.09.01-20.06.41:935][  0]LogTcpMessaging: Initializing TcpMessaging bridge
[2021.09.01-20.06.41:937][  0]LogUdpMessaging: Initializing bridge on interface 0.0.0.0:0 to multicast group 230.0.0.1:6666.
[2021.09.01-20.06.41:937][  0]FUdpSocketBuilder: Failed to subscribe UdpMessageMulticastSocket to multicast group 230.0.0.1 on interface 0.0.0.0
[2021.09.01-20.06.41:937][  0]FUdpSocketBuilder: Failed to create and initialize socket UdpMessageMulticastSocket (last error: 0)
[2021.09.01-20.06.41:937][  0]LogUdpMessaging: Warning: StartTransport failed to create multicast socket on 0.0.0.0:0, joined to 230.0.0.1:6666 with TTL 1
[2021.09.01-20.06.41:988][  0]SourceControl: Source control is disabled
[2021.09.01-20.06.41:988][  0]SourceControl: Source control is disabled
[2021.09.01-20.06.41:989][  0]SourceControl: Source control is disabled
[2021.09.01-20.06.41:990][  0]SourceControl: Source control is disabled
[2021.09.01-20.06.42:085][  0]LogAndroidPermission: UAndroidPermissionCallbackProxy::GetInstance
[2021.09.01-20.06.42:193][  0]LogOcInput: OculusInput pre-init called
[2021.09.01-20.06.42:199][  0]LogWindows: Failed to load 'OVRPlugin.dll' (GetLastError=126)
[2021.09.01-20.06.42:199][  0]LogWindows: File 'OVRPlugin.dll' does not exist
[2021.09.01-20.06.42:252][  0]LogEngine: Initializing Engine...
[2021.09.01-20.06.42:252][  0]LogHMD: Failed to initialize OpenVR with code 110
[2021.09.01-20.06.42:253][  0]LogStats: UGameplayTagsManager::InitializeManager -  0.000 s
[2021.09.01-20.06.42:441][  0]LogInit: Initializing FReadOnlyCVARCache
[2021.09.01-20.06.42:452][  0]LogAIModule: Creating AISystem for world Untitled
[2021.09.01-20.06.42:478][  0]LogInit: XAudio2 using 'Speakers (Realtek(R) Audio)' : 2 channels at 48 kHz using 32 bits per sample (channel mask 0x3)
[2021.09.01-20.06.42:539][  0]LogInit: FAudioDevice initialized.
[2021.09.01-20.06.42:539][  0]LogNetVersion: Set ProjectVersion to 1.0.0.0. Version Checksum will be recalculated on next use.
[2021.09.01-20.06.42:610][  0]LogDerivedDataCache: Saved boot cache 0.07s 73MB C:/Users/bluesnarfer/AppData/Local/UnrealEngine/4.23/DerivedDataCache/Boot.ddc.
[2021.09.01-20.06.42:611][  0]LogInit: Texture streaming: Enabled
[2021.09.01-20.06.42:622][  0]LogEngineSessionManager: EngineSessionManager initialized
[2021.09.01-20.06.42:657][  0]LogInit: Transaction tracking system initialized
[2021.09.01-20.06.42:673][  0]BlueprintLog: New page: Editor Load
[2021.09.01-20.06.42:717][  0]LocalizationService: Localization service is disabled
[2021.09.01-20.06.42:892][  0]LogFileCache: Scanning file cache for directory 'D:/UnrealEngine/GitHub/demofps/demofps/Content/' took 0.00s
[2021.09.01-20.06.42:892][  0]LogCook: Display: Max memory allowance for cook 16384mb min free memory 0mb
[2021.09.01-20.06.42:892][  0]LogCook: Display: Mobile HDR setting 1
[2021.09.01-20.06.43:032][  0]SourceControl: Source control is disabled
[2021.09.01-20.06.43:032][  0]Cmd: MAP LOAD FILE="../../../../../UnrealEngine/GitHub/demofps/demofps/Content/ThirdPersonBP/Maps/ThirdPersonExampleMap.umap" TEMPLATE=0 SHOWPROGRESS=1 FEATURELEVEL=3
[2021.09.01-20.06.43:032][  0]LightingResults: New page: Lighting Build
[2021.09.01-20.06.43:033][  0]LogWorld: UWorld::CleanupWorld for Untitled, bSessionEnded=true, bCleanupResources=true
[2021.09.01-20.06.43:034][  0]MapCheck: New page: Map Check
[2021.09.01-20.06.43:034][  0]LightingResults: New page: Lighting Build
[2021.09.01-20.06.43:061][  0]LogUObjectHash: Compacting FUObjectHashTables data took   1.39ms
[2021.09.01-20.06.44:441][  0]LogAIModule: Creating AISystem for world ThirdPersonExampleMap
[2021.09.01-20.06.44:448][  0]LogEditorServer: Finished looking for orphan Actors (0.000 secs)
[2021.09.01-20.06.44:478][  0]LogUObjectHash: Compacting FUObjectHashTables data took   2.10ms
[2021.09.01-20.06.44:478][  0]Cmd: MAP CHECKDEP NOCLEARLOG
[2021.09.01-20.06.44:478][  0]MapCheck: Map check complete: 0 Error(s), 0 Warning(s), took 0.1ms to complete.
[2021.09.01-20.06.44:478][  0]LogFileHelpers: Loading map 'ThirdPersonExampleMap' took 1.447
[2021.09.01-20.06.44:576][  0]LogSlate: Updating window title bar state: overlay mode, drag disabled, window buttons hidden, title bar hidden
[2021.09.01-20.06.44:582][  0]LogSlate: Updating window title bar state: overlay mode, drag disabled, window buttons hidden, title bar hidden
[2021.09.01-20.06.44:588][  0]LogSlate: Updating window title bar state: overlay mode, drag disabled, window buttons hidden, title bar hidden
[2021.09.01-20.06.44:594][  0]LogSlate: Updating window title bar state: overlay mode, drag disabled, window buttons hidden, title bar hidden
[2021.09.01-20.06.44:598][  0]LogCollectionManager: Loaded 0 collections in 0.000819 seconds
[2021.09.01-20.06.44:602][  0]LogFileCache: Scanning file cache for directory 'D:/UnrealEngine/GitHub/demofps/demofps/Saved/Collections/' took 0.00s
[2021.09.01-20.06.44:602][  0]LogFileCache: Scanning file cache for directory 'D:/UnrealEngine/GitHub/demofps/demofps/Content/Developers/bluesnarfer/Collections/' took 0.00s
[2021.09.01-20.06.44:602][  0]LogFileCache: Scanning file cache for directory 'D:/UnrealEngine/GitHub/demofps/demofps/Content/Collections/' took 0.00s
[2021.09.01-20.06.44:602][  0]LogCollectionManager: Rebuilt the GUID cache for 0 collections in 0.000001 seconds
[2021.09.01-20.06.44:609][  0]LogContentBrowser: Native class hierarchy populated in 0.0070 seconds. Added 2881 classes and 686 folders.
[2021.09.01-20.06.44:612][  0]LogContentBrowser: Native class hierarchy updated for 'WidgetCarousel' in 0.0002 seconds. Added 0 classes and 0 folders.
[2021.09.01-20.06.44:635][  0]LogContentBrowser: Native class hierarchy updated for 'AddContentDialog' in 0.0002 seconds. Added 0 classes and 0 folders.
[2021.09.01-20.06.44:638][  0]LogContentBrowser: Native class hierarchy updated for 'SceneOutliner' in 0.0002 seconds. Added 1 classes and 2 folders.
[2021.09.01-20.06.44:651][  0]LogSlate: Took 0.000137 seconds to synchronously load lazily loaded font '../../../Engine/Content/Slate/Fonts/Roboto-Regular.ttf' (155K)
[2021.09.01-20.06.44:652][  0]LogSlate: Took 0.000103 seconds to synchronously load lazily loaded font '../../../Engine/Content/Slate/Fonts/Roboto-Bold.ttf' (160K)
[2021.09.01-20.06.44:656][  0]LogSlate: Took 0.000116 seconds to synchronously load lazily loaded font '../../../Engine/Content/Editor/Slate/Fonts/FontAwesome.ttf' (139K)
[2021.09.01-20.06.44:714][  0]LogRenderer: Reallocating scene render targets to support 1208x604 Format 10 NumSamples 1 (Frame:1).
[2021.09.01-20.06.44:918][  0]LogContentBrowser: Native class hierarchy updated for 'HierarchicalLODOutliner' in 0.0003 seconds. Added 0 classes and 0 folders.
[2021.09.01-20.06.44:918][  0]LogLoad: (Engine Initialization) Total time: 7.13 seconds
[2021.09.01-20.06.44:918][  0]LogLoad: (Engine Initialization) Total Blueprint compile time: 0.00 seconds
[2021.09.01-20.06.44:972][  0]LogAssetRegistry: Asset discovery search completed in 4.9345 seconds
[2021.09.01-20.06.44:975][  0]LogCollectionManager: Rebuilt the object cache for 0 collections in 0.000004 seconds (found 0 objects)
[2021.09.01-20.06.44:975][  0]LogCollectionManager: Fixed up redirectors for 0 collections in 0.000040 seconds (updated 0 objects)
[2021.09.01-20.06.44:976][  0]LogContentStreaming: Texture pool size now 1000 MB
[2021.09.01-20.06.44:999][  0]LogSlate: Took 0.000108 seconds to synchronously load lazily loaded font '../../../Engine/Content/Slate/Fonts/Roboto-Light.ttf' (167K)
[2021.09.01-20.07.07:939][373]LogSlate: FSceneViewport::OnFocusLost() reason 5
[2021.09.01-20.07.11:957][613]LogUObjectHash: Compacting FUObjectHashTables data took   0.64ms
[2021.09.01-20.07.11:999][613]LogSlate: Window 'demofps - Unreal Editor' being destroyed
[2021.09.01-20.07.12:000][613]LogWindowsTextInputMethodSystem: Display: IME system now deactivated.
[2021.09.01-20.07.12:097][614]Cmd: QUIT_EDITOR
[2021.09.01-20.07.12:167][614]LogExit: Preparing to exit.
[2021.09.01-20.07.12:205][614]LogUObjectHash: Compacting FUObjectHashTables data took   2.17ms
[2021.09.01-20.07.12:222][614]LogWorld: UWorld::CleanupWorld for World_0, bSessionEnded=true, bCleanupResources=true
[2021.09.01-20.07.12:222][614]LogWorld: UWorld::CleanupWorld for World_1, bSessionEnded=true, bCleanupResources=true
[2021.09.01-20.07.12:231][614]LogDemo: Cleaned up 0 splitscreen connections with owner deletion
[2021.09.01-20.07.12:239][614]LogWorld: UWorld::CleanupWorld for None, bSessionEnded=true, bCleanupResources=true
[2021.09.01-20.07.12:239][614]LogExit: Editor shut down
[2021.09.01-20.07.12:239][614]LogExit: Transaction tracking system shut down
[2021.09.01-20.07.12:402][614]LogExit: Object subsystem successfully closed.
[2021.09.01-20.07.12:426][614]LogShaderCompilers: Display: Shaders left to compile 0
[2021.09.01-20.07.12:436][614]LogModuleManager: Shutting down and abandoning module HierarchicalLODOutliner (674)
[2021.09.01-20.07.12:436][614]LogModuleManager: Shutting down and abandoning module SceneOutliner (672)
[2021.09.01-20.07.12:436][614]LogModuleManager: Shutting down and abandoning module AddContentDialog (670)
[2021.09.01-20.07.12:437][614]LogModuleManager: Shutting down and abandoning module WidgetCarousel (669)
[2021.09.01-20.07.12:437][614]LogModuleManager: Shutting down and abandoning module EditorWidgets (666)
[2021.09.01-20.07.12:437][614]LogModuleManager: Shutting down and abandoning module CollectionManager (664)
[2021.09.01-20.07.12:437][614]LogModuleManager: Shutting down and abandoning module StatsViewer (662)
[2021.09.01-20.07.12:437][614]LogModuleManager: Shutting down and abandoning module VirtualTexturingEditor (660)
[2021.09.01-20.07.12:437][614]LogModuleManager: Shutting down and abandoning module FoliageEdit (658)
[2021.09.01-20.07.12:437][614]LogModuleManager: Shutting down and abandoning module LandscapeEditor (656)
[2021.09.01-20.07.12:437][614]LogModuleManager: Shutting down and abandoning module MeshPaintMode (654)
[2021.09.01-20.07.12:437][614]LogModuleManager: Shutting down and abandoning module SceneDepthPickerMode (652)
[2021.09.01-20.07.12:437][614]LogModuleManager: Shutting down and abandoning module ActorPickerMode (650)
[2021.09.01-20.07.12:437][614]LogModuleManager: Shutting down and abandoning module GeometryMode (648)
[2021.09.01-20.07.12:437][614]LogModuleManager: Shutting down and abandoning module TextureAlignMode (646)
[2021.09.01-20.07.12:437][614]LogModuleManager: Shutting down and abandoning module BspMode (644)
[2021.09.01-20.07.12:437][614]LogModuleManager: Shutting down and abandoning module PIEPreviewDeviceProfileSelector (642)
[2021.09.01-20.07.12:437][614]LogModuleManager: Shutting down and abandoning module SequenceRecorderSections (640)
[2021.09.01-20.07.12:437][614]LogModuleManager: Shutting down and abandoning module AutomationWorker (638)
[2021.09.01-20.07.12:437][614]LogModuleManager: Shutting down and abandoning module OculusMR (636)
[2021.09.01-20.07.12:437][614]LogModuleManager: Shutting down and abandoning module AudioCaptureEditor (634)
[2021.09.01-20.07.12:437][614]LogModuleManager: Shutting down and abandoning module MatineeToLevelSequence (632)
[2021.09.01-20.07.12:437][614]LogModuleManager: Shutting down and abandoning module LevelSequenceEditor (630)
[2021.09.01-20.07.12:437][614]LogModuleManager: Shutting down and abandoning module PlacementMode (629)
[2021.09.01-20.07.12:437][614]LogModuleManager: Shutting down and abandoning module MaterialEditor (628)
[2021.09.01-20.07.12:437][614]LogModuleManager: Shutting down and abandoning module ActorSequenceEditor (624)
[2021.09.01-20.07.12:437][614]LogModuleManager: Shutting down and abandoning module WmfMediaFactory (622)
[2021.09.01-20.07.12:437][614]LogModuleManager: Shutting down and abandoning module WmfMediaEditor (620)
[2021.09.01-20.07.12:437][614]LogModuleManager: Shutting down and abandoning module WebMMediaFactory (618)
[2021.09.01-20.07.12:438][614]LogModuleManager: Shutting down and abandoning module WebMMediaEditor (616)
[2021.09.01-20.07.12:438][614]LogModuleManager: Shutting down and abandoning module WebMMedia (614)
[2021.09.01-20.07.12:438][614]LogModuleManager: Shutting down and abandoning module MediaPlayerEditor (612)
[2021.09.01-20.07.12:438][614]LogModuleManager: Shutting down and abandoning module MediaCompositingEditor (610)
[2021.09.01-20.07.12:438][614]LogModuleManager: Shutting down and abandoning module SequenceRecorder (609)
[2021.09.01-20.07.12:438][614]LogModuleManager: Shutting down and abandoning module OpenExrWrapper (606)
[2021.09.01-20.07.12:438][614]LogModuleManager: Shutting down and abandoning module ImgMediaFactory (604)
[2021.09.01-20.07.12:438][614]LogModuleManager: Shutting down and abandoning module ImgMediaEditor (602)
[2021.09.01-20.07.12:438][614]LogModuleManager: Shutting down and abandoning module AvfMediaFactory (600)
[2021.09.01-20.07.12:438][614]LogModuleManager: Shutting down and abandoning module AvfMediaEditor (598)
[2021.09.01-20.07.12:438][614]LogModuleManager: Shutting down and abandoning module AndroidMediaFactory (596)
[2021.09.01-20.07.12:438][614]LogModuleManager: Shutting down and abandoning module AndroidMediaEditor (594)
[2021.09.01-20.07.12:438][614]LogModuleManager: Shutting down and abandoning module MagicLeapCameraPreviewFactory (592)
[2021.09.01-20.07.12:438][614]LogModuleManager: Shutting down and abandoning module MagicLeapMediaCodecFactory (590)
[2021.09.01-20.07.12:438][614]LogModuleManager: Shutting down and abandoning module MagicLeapMediaFactory (588)
[2021.09.01-20.07.12:438][614]LogModuleManager: Shutting down and abandoning module MagicLeapMediaEditor (586)
[2021.09.01-20.07.12:438][614]LogModuleManager: Shutting down and abandoning module CharacterAI (584)
[2021.09.01-20.07.12:438][614]LogModuleManager: Shutting down and abandoning module SmartSnapping (582)
[2021.09.01-20.07.12:438][614]LogModuleManager: Shutting down and abandoning module SessionServices (580)
[2021.09.01-20.07.12:438][614]LogModuleManager: Shutting down and abandoning module MeshPaint (578)
[2021.09.01-20.07.12:438][614]LogModuleManager: Shutting down and abandoning module ViewportSnapping (576)
[2021.09.01-20.07.12:438][614]LogModuleManager: Shutting down and abandoning module ViewportInteraction (574)
[2021.09.01-20.07.12:438][614]LogModuleManager: Shutting down and abandoning module ClothPainter (572)
[2021.09.01-20.07.12:438][614]LogModuleManager: Shutting down and abandoning module SkeletalMeshEditor (571)
[2021.09.01-20.07.12:438][614]LogModuleManager: Shutting down and abandoning module LogVisualizer (568)
[2021.09.01-20.07.12:438][614]LogModuleManager: Shutting down and abandoning module IntroTutorials (566)
[2021.09.01-20.07.12:438][614]LogModuleManager: Shutting down and abandoning module GameProjectGeneration (565)
[2021.09.01-20.07.12:438][614]LogModuleManager: Shutting down and abandoning module LuminPlatformEditor (562)
[2021.09.01-20.07.12:438][614]LogModuleManager: Shutting down and abandoning module IOSPlatformEditor (560)
[2021.09.01-20.07.12:438][614]LogModuleManager: Shutting down and abandoning module HTML5PlatformEditor (558)
[2021.09.01-20.07.12:438][614]LogModuleManager: Shutting down and abandoning module AndroidPlatformEditor (556)
[2021.09.01-20.07.12:438][614]LogModuleManager: Shutting down and abandoning module AndroidDeviceDetection (555)
[2021.09.01-20.07.12:753][614]LogModuleManager: Shutting down and abandoning module WindowsPlatformEditor (552)
[2021.09.01-20.07.12:754][614]LogModuleManager: Shutting down and abandoning module LuminRuntimeSettings (550)
[2021.09.01-20.07.12:754][614]LogModuleManager: Shutting down and abandoning module IOSRuntimeSettings (548)
[2021.09.01-20.07.12:754][614]LogModuleManager: Shutting down and abandoning module AndroidRuntimeSettings (546)
[2021.09.01-20.07.12:754][614]LogModuleManager: Shutting down and abandoning module TimeManagementEditor (544)
[2021.09.01-20.07.12:754][614]LogModuleManager: Shutting down and abandoning module InputBindingEditor (542)
[2021.09.01-20.07.12:754][614]LogModuleManager: Shutting down and abandoning module MergeActors (540)
[2021.09.01-20.07.12:754][614]LogModuleManager: Shutting down and abandoning module LocalizationDashboard (538)
[2021.09.01-20.07.12:754][614]LogModuleManager: Shutting down and abandoning module LocalizationService (537)
[2021.09.01-20.07.12:754][614]LogModuleManager: Shutting down and abandoning module HardwareTargeting (534)
[2021.09.01-20.07.12:754][614]LogModuleManager: Shutting down and abandoning module DeviceProfileEditor (532)
[2021.09.01-20.07.12:754][614]LogModuleManager: Shutting down and abandoning module UndoHistory (530)
[2021.09.01-20.07.12:754][614]LogModuleManager: Shutting down and abandoning module XmlParser (528)
[2021.09.01-20.07.12:754][614]LogModuleManager: Shutting down and abandoning module Blutility (526)
[2021.09.01-20.07.12:754][614]LogModuleManager: Shutting down and abandoning module ProjectSettingsViewer (524)
[2021.09.01-20.07.12:754][614]LogModuleManager: Shutting down and abandoning module ProjectTargetPlatformEditor (523)
[2021.09.01-20.07.12:754][614]LogModuleManager: Shutting down and abandoning module EditorSettingsViewer (520)
[2021.09.01-20.07.12:754][614]LogModuleManager: Shutting down and abandoning module SettingsEditor (518)
[2021.09.01-20.07.12:754][614]LogModuleManager: Shutting down and abandoning module ProjectLauncher (516)
[2021.09.01-20.07.12:754][614]LogModuleManager: Shutting down and abandoning module SessionFrontend (514)
[2021.09.01-20.07.12:754][614]LogModuleManager: Shutting down and abandoning module ProfilerClient (512)
[2021.09.01-20.07.12:754][614]LogModuleManager: Shutting down and abandoning module DeviceManager (510)
[2021.09.01-20.07.12:754][614]LogModuleManager: Shutting down and abandoning module TargetDeviceServices (509)
[2021.09.01-20.07.12:796][614]LogModuleManager: Shutting down and abandoning module AutomationController (506)
[2021.09.01-20.07.12:796][614]LogModuleManager: Shutting down and abandoning module AutomationWindow (504)
[2021.09.01-20.07.12:796][614]LogModuleManager: Shutting down and abandoning module Layers (502)
[2021.09.01-20.07.12:796][614]LogModuleManager: Shutting down and abandoning module ComponentVisualizers (500)
[2021.09.01-20.07.12:796][614]LogModuleManager: Shutting down and abandoning module DetailCustomizations (498)
[2021.09.01-20.07.12:796][614]LogModuleManager: Shutting down and abandoning module PackagesDialog (496)
[2021.09.01-20.07.12:796][614]LogModuleManager: Shutting down and abandoning module AnimationBlueprintEditor (494)
[2021.09.01-20.07.12:796][614]LogModuleManager: Shutting down and abandoning module Persona (492)
[2021.09.01-20.07.12:796][614]LogModuleManager: Shutting down and abandoning module AdvancedPreviewScene (491)
[2021.09.01-20.07.12:796][614]LogModuleManager: Shutting down and abandoning module AnimGraph (489)
[2021.09.01-20.07.12:796][614]LogModuleManager: Shutting down and abandoning module Kismet (486)
[2021.09.01-20.07.12:796][614]LogModuleManager: Shutting down and abandoning module KismetWidgets (485)
[2021.09.01-20.07.12:796][614]LogModuleManager: Shutting down and abandoning module GraphEditor (482)
[2021.09.01-20.07.12:796][614]LogModuleManager: Shutting down and abandoning module StructViewer (480)
[2021.09.01-20.07.12:796][614]LogModuleManager: Shutting down and abandoning module ClassViewer (478)
[2021.09.01-20.07.12:796][614]LogModuleManager: Shutting down and abandoning module Toolbox (476)
[2021.09.01-20.07.12:796][614]LogModuleManager: Shutting down and abandoning module ModuleUI (474)
[2021.09.01-20.07.12:796][614]LogModuleManager: Shutting down and abandoning module MovieSceneTools (472)
[2021.09.01-20.07.12:796][614]LogModuleManager: Shutting down and abandoning module OutputLog (470)
[2021.09.01-20.07.12:796][614]LogModuleManager: Shutting down and abandoning module GammaUI (468)
[2021.09.01-20.07.12:796][614]LogModuleManager: Shutting down and abandoning module Documentation (466)
[2021.09.01-20.07.12:796][614]LogModuleManager: Shutting down and abandoning module LiveCoding (464)
[2021.09.01-20.07.12:796][614]LogModuleManager: Shutting down and abandoning module LevelSequence (462)
[2021.09.01-20.07.12:796][614]LogModuleManager: Shutting down and abandoning module MovieSceneTracks (460)
[2021.09.01-20.07.12:797][614]LogModuleManager: Shutting down and abandoning module MovieScene (458)
[2021.09.01-20.07.12:797][614]LogModuleManager: Shutting down and abandoning module StreamingPauseRendering (456)
[2021.09.01-20.07.12:797][614]LogModuleManager: Shutting down and abandoning module LauncherPlatform (454)
[2021.09.01-20.07.12:797][614]LogModuleManager: Shutting down and abandoning module AnalyticsET (452)
[2021.09.01-20.07.12:797][614]LogModuleManager: Shutting down and abandoning module PortalServices (450)
[2021.09.01-20.07.12:797][614]LogModuleManager: Shutting down and abandoning module PortalRpc (448)
[2021.09.01-20.07.12:797][614]LogModuleManager: Shutting down and abandoning module MessagingRpc (446)
[2021.09.01-20.07.12:797][614]LogModuleManager: Shutting down and abandoning module AIModule (444)
[2021.09.01-20.07.12:797][614]LogModuleManager: Shutting down and abandoning module GameplayDebugger (443)
[2021.09.01-20.07.12:797][614]LogModuleManager: Shutting down and abandoning module AITestSuite (441)
[2021.09.01-20.07.12:797][614]LogModuleManager: Shutting down and abandoning module NavigationSystem (439)
[2021.09.01-20.07.12:797][614]LogModuleManager: Shutting down and abandoning module DesktopPlatform (436)
[2021.09.01-20.07.12:797][614]LogModuleManager: Shutting down and abandoning module ImageWriteQueue (434)
[2021.09.01-20.07.12:799][614]LogModuleManager: Shutting down and abandoning module ProfilerService (432)
[2021.09.01-20.07.12:990][614]LogModuleManager: Shutting down and abandoning module TaskGraph (430)
[2021.09.01-20.07.12:990][614]LogModuleManager: Shutting down and abandoning module ScreenshotTools (428)
[2021.09.01-20.07.12:990][614]LogModuleManager: Shutting down and abandoning module SteamVRController (426)
[2021.09.01-20.07.12:990][614]LogModuleManager: Shutting down and abandoning module ProceduralMeshComponentEditor (424)
[2021.09.01-20.07.12:990][614]LogModuleManager: Shutting down and abandoning module ProceduralMeshComponent (422)
[2021.09.01-20.07.12:990][614]LogModuleManager: Shutting down and abandoning module OculusEditor (420)
[2021.09.01-20.07.12:990][614]LogModuleManager: Shutting down and abandoning module OculusInput (418)
[2021.09.01-20.07.12:990][614]LogModuleManager: Shutting down and abandoning module MobilePatchingUtils (416)
[2021.09.01-20.07.12:990][614]LogModuleManager: Shutting down and abandoning module EditableMesh (414)
[2021.09.01-20.07.12:990][614]LogModuleManager: Shutting down and abandoning module CustomMeshComponent (412)
[2021.09.01-20.07.12:990][614]LogModuleManager: Shutting down and abandoning module CableComponent (410)
[2021.09.01-20.07.12:990][614]LogModuleManager: Shutting down and abandoning module AudioCapture (408)
[2021.09.01-20.07.12:990][614]LogModuleManager: Shutting down and abandoning module ArchVisCharacter (406)
[2021.09.01-20.07.12:990][614]LogModuleManager: Shutting down and abandoning module AppleImageUtilsBlueprintSupport (404)
[2021.09.01-20.07.12:990][614]LogModuleManager: Shutting down and abandoning module AppleImageUtils (402)
[2021.09.01-20.07.12:990][614]LogModuleManager: Shutting down and abandoning module AndroidPermission (400)
[2021.09.01-20.07.12:990][614]LogModuleManager: Shutting down and abandoning module NUTUnrealEngine4 (398)
[2021.09.01-20.07.12:990][614]LogModuleManager: Shutting down and abandoning module NetcodeUnitTest (396)
[2021.09.01-20.07.12:990][614]LogModuleManager: Shutting down and abandoning module MediaCompositing (394)
[2021.09.01-20.07.12:990][614]LogModuleManager: Shutting down and abandoning module ImgMedia (392)
[2021.09.01-20.07.12:990][614]LogModuleManager: Shutting down and abandoning module MagicLeapHelperVulkan (390)
[2021.09.01-20.07.12:990][614]LogModuleManager: Shutting down and abandoning module MagicLeapHelperOpenGL (388)
[2021.09.01-20.07.12:990][614]LogModuleManager: Shutting down and abandoning module MagicLeapAudio (386)
[2021.09.01-20.07.12:990][614]LogModuleManager: Shutting down and abandoning module HTML5Networking (384)
[2021.09.01-20.07.12:990][614]LogModuleManager: Shutting down and abandoning module GeometryCacheTracks (382)
[2021.09.01-20.07.12:990][614]LogModuleManager: Shutting down and abandoning module GeometryCacheSequencer (380)
[2021.09.01-20.07.12:990][614]LogModuleManager: Shutting down and abandoning module BackChannel (378)
[2021.09.01-20.07.12:990][614]LogModuleManager: Shutting down and abandoning module AutomationUtilsEditor (376)
[2021.09.01-20.07.12:990][614]LogModuleManager: Shutting down and abandoning module AutomationUtils (374)
[2021.09.01-20.07.12:991][614]LogModuleManager: Shutting down and abandoning module AlembicImporter (372)
[2021.09.01-20.07.12:991][614]LogModuleManager: Shutting down and abandoning module AlembicLibrary (371)
[2021.09.01-20.07.12:991][614]LogModuleManager: Shutting down and abandoning module GeometryCache (370)
[2021.09.01-20.07.12:991][614]LogModuleManager: Shutting down and abandoning module GeometryCacheEd (369)
[2021.09.01-20.07.12:991][614]LogModuleManager: Shutting down and abandoning module VariantManagerContent (364)
[2021.09.01-20.07.12:991][614]LogModuleManager: Shutting down and abandoning module DatasmithContentEditor (362)
[2021.09.01-20.07.12:991][614]LogModuleManager: Shutting down and abandoning module SpeedTreeImporter (360)
[2021.09.01-20.07.12:991][614]LogModuleManager: Shutting down and abandoning module PluginBrowser (358)
[2021.09.01-20.07.12:991][614]LogModuleManager: Shutting down and abandoning module MobileLauncherProfileWizard (356)
[2021.09.01-20.07.12:991][614]LogModuleManager: Shutting down and abandoning module MaterialAnalyzer (354)
[2021.09.01-20.07.12:991][614]LogModuleManager: Shutting down and abandoning module EditorScriptingUtilities (352)
[2021.09.01-20.07.12:991][614]LogModuleManager: Shutting down and abandoning module CurveEditorTools (350)
[2021.09.01-20.07.12:991][614]LogModuleManager: Shutting down and abandoning module CurveEditor (349)
[2021.09.01-20.07.12:991][614]LogModuleManager: Shutting down and abandoning module CryptoKeysOpenSSL (346)
[2021.09.01-20.07.12:991][614]LogModuleManager: Shutting down and abandoning module CryptoKeys (344)
[2021.09.01-20.07.12:991][614]LogModuleManager: Shutting down and abandoning module VisualStudioSourceCodeAccess (342)
[2021.09.01-20.07.12:991][614]LogModuleManager: Shutting down and abandoning module VisualStudioCodeSourceCodeAccess (340)
[2021.09.01-20.07.12:991][614]LogModuleManager: Shutting down and abandoning module UObjectPlugin (338)
[2021.09.01-20.07.12:991][614]LogModuleManager: Shutting down and abandoning module SubversionSourceControl (336)
[2021.09.01-20.07.12:991][614]LogModuleManager: Shutting down and abandoning module PerforceSourceControl (334)
[2021.09.01-20.07.12:991][614]LogModuleManager: Shutting down and abandoning module GitSourceControl (332)
[2021.09.01-20.07.12:991][614]LogModuleManager: Shutting down and abandoning module SourceControl (331)
[2021.09.01-20.07.12:991][614]LogModuleManager: Shutting down and abandoning module CLionSourceCodeAccess (328)
[2021.09.01-20.07.12:991][614]LogModuleManager: Shutting down and abandoning module AnimationSharingEd (326)
[2021.09.01-20.07.12:991][614]LogModuleManager: Shutting down and abandoning module ActorLayerUtilitiesEditor (324)
[2021.09.01-20.07.12:991][614]LogModuleManager: Shutting down and abandoning module ActorLayerUtilities (322)
[2021.09.01-20.07.12:991][614]LogModuleManager: Shutting down and abandoning module LightPropagationVolumeEditor (320)
[2021.09.01-20.07.12:991][614]LogModuleManager: Shutting down and abandoning module PaperTiledImporter (318)
[2021.09.01-20.07.12:991][614]LogModuleManager: Shutting down and abandoning module PaperSpriteSheetImporter (316)
[2021.09.01-20.07.12:991][614]LogModuleManager: Shutting down and abandoning module Paper2DEditor (314)
[2021.09.01-20.07.12:991][614]LogModuleManager: Shutting down and abandoning module SignificanceManager (312)
[2021.09.01-20.07.12:991][614]LogModuleManager: Shutting down and abandoning module RuntimePhysXCooking (310)
[2021.09.01-20.07.12:991][614]LogModuleManager: Shutting down and abandoning module PhysXVehiclesEditor (308)
[2021.09.01-20.07.12:991][614]LogModuleManager: Shutting down and abandoning module LocationServicesBPLibrary (304)
[2021.09.01-20.07.12:991][614]LogModuleManager: Shutting down and abandoning module ActorSequence (302)
[2021.09.01-20.07.12:991][614]LogModuleManager: Shutting down and abandoning module UdpMessaging (300)
[2021.09.01-20.07.13:092][614]LogModuleManager: Shutting down and abandoning module TcpMessaging (298)
[2021.09.01-20.07.13:192][614]LogModuleManager: Shutting down and abandoning module MagicLeapIdentity (296)
[2021.09.01-20.07.13:192][614]LogModuleManager: Shutting down and abandoning module MagicLeapSecureStorage (294)
[2021.09.01-20.07.13:192][614]LogModuleManager: Shutting down and abandoning module MagicLeapHandTracking (292)
[2021.09.01-20.07.13:192][614]LogModuleManager: Shutting down and abandoning module MagicLeapEyeTracker (290)
[2021.09.01-20.07.13:192][614]LogModuleManager: Shutting down and abandoning module MagicLeapController (288)
[2021.09.01-20.07.13:192][614]LogSlate: Slate User Destroyed.  User Index 0, Is Virtual User: 0
[2021.09.01-20.07.13:192][614]LogModuleManager: Shutting down and abandoning module MagicLeapAR (286)
[2021.09.01-20.07.13:192][614]LogModuleManager: Shutting down and abandoning module AugmentedReality (285)
[2021.09.01-20.07.13:192][614]LogModuleManager: Shutting down and abandoning module PythonScriptPlugin (282)
[2021.09.01-20.07.13:192][614]LogModuleManager: Shutting down and abandoning module GameplayTagsEditor (280)
[2021.09.01-20.07.13:192][614]LogModuleManager: Shutting down and abandoning module FacialAnimationEditor (278)
[2021.09.01-20.07.13:192][614]LogModuleManager: Shutting down and abandoning module FacialAnimation (276)
[2021.09.01-20.07.13:192][614]LogModuleManager: Shutting down and abandoning module DataValidation (274)
[2021.09.01-20.07.13:192][614]LogModuleManager: Shutting down and abandoning module AssetManagerEditor (272)
[2021.09.01-20.07.13:192][614]LogModuleManager: Shutting down and abandoning module LevelEditor (271)
[2021.09.01-20.07.13:193][614]LogModuleManager: Shutting down and abandoning module PixelInspectorModule (270)
[2021.09.01-20.07.13:193][614]LogModuleManager: Shutting down and abandoning module CommonMenuExtensions (268)
[2021.09.01-20.07.13:193][614]LogModuleManager: Shutting down and abandoning module MainFrame (266)
[2021.09.01-20.07.13:193][614]LogModuleManager: Shutting down and abandoning module HotReload (265)
[2021.09.01-20.07.13:193][614]LogModuleManager: Shutting down and abandoning module ContentBrowser (261)
[2021.09.01-20.07.13:194][614]LogModuleManager: Shutting down and abandoning module TreeMap (259)
[2021.09.01-20.07.13:194][614]LogModuleManager: Shutting down and abandoning module AnimationSharing (256)
[2021.09.01-20.07.13:194][614]LogModuleManager: Shutting down and abandoning module LightPropagationVolumeRuntime (254)
[2021.09.01-20.07.13:194][614]LogModuleManager: Shutting down and abandoning module Paper2D (252)
[2021.09.01-20.07.13:194][614]LogModuleManager: Shutting down and abandoning module WindowsMoviePlayer (250)
[2021.09.01-20.07.13:197][614]LogModuleManager: Shutting down and abandoning module WebMMoviePlayer (248)
[2021.09.01-20.07.13:197][614]LogModuleManager: Shutting down and abandoning module NetworkReplayStreaming (246)
[2021.09.01-20.07.13:197][614]LogModuleManager: Shutting down and abandoning module PacketHandler (244)
[2021.09.01-20.07.13:197][614]LogModuleManager: Shutting down and abandoning module ClothingSystemEditor (242)
[2021.09.01-20.07.13:197][614]LogModuleManager: Shutting down and abandoning module ClothingSystemRuntime (240)
[2021.09.01-20.07.13:197][614]LogModuleManager: Shutting down and abandoning module MediaAssets (238)
[2021.09.01-20.07.13:197][614]LogModuleManager: Shutting down and abandoning module Overlay (236)
[2021.09.01-20.07.13:197][614]LogModuleManager: Shutting down and abandoning module OverlayEditor (235)
[2021.09.01-20.07.13:197][614]LogModuleManager: Shutting down and abandoning module VREditor (232)
[2021.09.01-20.07.13:197][614]LogModuleManager: Shutting down and abandoning module StringTableEditor (230)
[2021.09.01-20.07.13:197][614]LogModuleManager: Shutting down and abandoning module GameplayTasksEditor (228)
[2021.09.01-20.07.13:197][614]LogModuleManager: Shutting down and abandoning module BehaviorTreeEditor (226)
[2021.09.01-20.07.13:197][614]LogModuleManager: Shutting down and abandoning module FunctionalTesting (224)
[2021.09.01-20.07.13:197][614]LogModuleManager: Shutting down and abandoning module CollisionAnalyzer (222)
[2021.09.01-20.07.13:197][614]LogModuleManager: Shutting down and abandoning module WorkspaceMenuStructure (221)
[2021.09.01-20.07.13:197][614]LogModuleManager: Shutting down and abandoning module UMG (218)
[2021.09.01-20.07.13:197][614]LogModuleManager: Shutting down and abandoning module UMGEditor (217)
[2021.09.01-20.07.13:197][614]LogModuleManager: Shutting down and abandoning module Sequencer (216)
[2021.09.01-20.07.13:197][614]LogModuleManager: Shutting down and abandoning module MessageLog (213)
[2021.09.01-20.07.13:197][614]LogModuleManager: Shutting down and abandoning module SlateReflector (208)
[2021.09.01-20.07.13:197][614]LogModuleManager: Shutting down and abandoning module Slate (206)
[2021.09.01-20.07.13:197][614]LogModuleManager: Shutting down and abandoning module LandscapeEditorUtilities (204)
[2021.09.01-20.07.13:197][614]LogModuleManager: Shutting down and abandoning module EditorStyle (202)
[2021.09.01-20.07.13:198][614]LogModuleManager: Shutting down and abandoning module UnrealEd (200)
[2021.09.01-20.07.13:198][614]LogModuleManager: Shutting down and abandoning module MRMesh (198)
[2021.09.01-20.07.13:198][614]LogModuleManager: Shutting down and abandoning module SourceCodeAccess (196)
[2021.09.01-20.07.13:198][614]LogModuleManager: Shutting down and abandoning module HeadMountedDisplay (194)
[2021.09.01-20.07.13:198][614]LogModuleManager: Shutting down and abandoning module XAudio2 (192)
[2021.09.01-20.07.13:198][614]LogModuleManager: Shutting down and abandoning module Networking (190)
[2021.09.01-20.07.13:198][614]LogModuleManager: Shutting down and abandoning module Core (188)
[2021.09.01-20.07.13:198][614]LogModuleManager: Shutting down and abandoning module KismetCompiler (186)
[2021.09.01-20.07.13:198][614]LogModuleManager: Shutting down and abandoning module MeshUtilities (184)
[2021.09.01-20.07.13:198][614]LogModuleManager: Shutting down and abandoning module MeshMergeUtilities (183)
[2021.09.01-20.07.13:198][614]LogModuleManager: Shutting down and abandoning module MeshReductionInterface (182)
[2021.09.01-20.07.13:198][614]LogModuleManager: Shutting down and abandoning module SkeletalMeshReduction (181)
[2021.09.01-20.07.13:198][614]LogModuleManager: Shutting down and abandoning module ProxyLODMeshReduction (179)
[2021.09.01-20.07.13:198][614]LogModuleManager: Shutting down and abandoning module QuadricMeshReduction (177)
[2021.09.01-20.07.13:198][614]LogModuleManager: Shutting down and abandoning module MaterialBaking (173)
[2021.09.01-20.07.13:198][614]LogModuleManager: Shutting down and abandoning module NullInstallBundleManager (168)
[2021.09.01-20.07.13:198][614]LogModuleManager: Shutting down and abandoning module DerivedDataCache (166)
[2021.09.01-20.07.13:496][614]LogDerivedDataCache: Shutdown
[2021.09.01-20.07.13:496][614]LogModuleManager: Shutting down and abandoning module XGEController (164)
[2021.09.01-20.07.13:496][614]LogModuleManager: Shutting down and abandoning module TargetPlatform (162)
[2021.09.01-20.07.13:496][614]LogModuleManager: Shutting down and abandoning module VulkanShaderFormat (161)
[2021.09.01-20.07.13:496][614]LogModuleManager: Shutting down and abandoning module ShaderFormatVectorVM (159)
[2021.09.01-20.07.13:496][614]LogModuleManager: Shutting down and abandoning module ShaderFormatOpenGL (157)
[2021.09.01-20.07.13:496][614]LogModuleManager: Shutting down and abandoning module ShaderFormatD3D (155)
[2021.09.01-20.07.13:496][614]LogModuleManager: Shutting down and abandoning module MetalShaderFormat (153)
[2021.09.01-20.07.13:496][614]LogModuleManager: Shutting down and abandoning module TextureFormatUncompressed (151)
[2021.09.01-20.07.13:496][614]LogModuleManager: Shutting down and abandoning module TextureFormatPVR (149)
[2021.09.01-20.07.13:496][614]LogModuleManager: Shutting down and abandoning module TextureFormatDXT (147)
[2021.09.01-20.07.13:496][614]LogModuleManager: Shutting down and abandoning module TextureFormatIntelISPCTexComp (145)
[2021.09.01-20.07.13:496][614]LogModuleManager: Shutting down and abandoning module TextureFormatASTC (143)
[2021.09.01-20.07.13:497][614]LogModuleManager: Shutting down and abandoning module ImageWrapper (142)
[2021.09.01-20.07.13:497][614]LogModuleManager: Shutting down and abandoning module TextureFormatAndroid (139)
[2021.09.01-20.07.13:497][614]LogModuleManager: Shutting down and abandoning module AudioFormatOpus (137)
[2021.09.01-20.07.13:497][614]LogModuleManager: Shutting down and abandoning module AudioFormatOgg (135)
[2021.09.01-20.07.13:497][614]LogModuleManager: Shutting down and abandoning module AudioFormatADPCM (133)
[2021.09.01-20.07.13:497][614]LogModuleManager: Shutting down and abandoning module LuminTargetPlatform (131)
[2021.09.01-20.07.13:498][614]LogModuleManager: Shutting down and abandoning module LinuxTargetPlatform (129)
[2021.09.01-20.07.13:498][614]LogModuleManager: Shutting down and abandoning module LinuxServerTargetPlatform (127)
[2021.09.01-20.07.13:498][614]LogModuleManager: Shutting down and abandoning module LinuxNoEditorTargetPlatform (125)
[2021.09.01-20.07.13:498][614]LogModuleManager: Shutting down and abandoning module LinuxClientTargetPlatform (123)
[2021.09.01-20.07.13:498][614]LogModuleManager: Shutting down and abandoning module TVOSTargetPlatform (121)
[2021.09.01-20.07.13:499][614]LogModuleManager: Shutting down and abandoning module Messaging (119)
[2021.09.01-20.07.13:499][614]LogModuleManager: Shutting down and abandoning module IOSTargetPlatform (117)
[2021.09.01-20.07.13:499][614]LogModuleManager: Shutting down and abandoning module HTML5TargetPlatform (115)
[2021.09.01-20.07.13:499][614]LogModuleManager: Shutting down and abandoning module AndroidTargetPlatform (113)
[2021.09.01-20.07.13:506][614]LogModuleManager: Shutting down and abandoning module WindowsTargetPlatform (111)
[2021.09.01-20.07.13:506][614]LogModuleManager: Shutting down and abandoning module WindowsServerTargetPlatform (109)
[2021.09.01-20.07.13:506][614]LogModuleManager: Shutting down and abandoning module WindowsNoEditorTargetPlatform (107)
[2021.09.01-20.07.13:506][614]LogModuleManager: Shutting down and abandoning module WindowsClientTargetPlatform (105)
[2021.09.01-20.07.13:507][614]LogModuleManager: Shutting down and abandoning module MacTargetPlatform (103)
[2021.09.01-20.07.13:507][614]LogModuleManager: Shutting down and abandoning module MacServerTargetPlatform (101)
[2021.09.01-20.07.13:507][614]LogModuleManager: Shutting down and abandoning module MacNoEditorTargetPlatform (99)
[2021.09.01-20.07.13:507][614]LogModuleManager: Shutting down and abandoning module MacClientTargetPlatform (97)
[2021.09.01-20.07.13:507][614]LogModuleManager: Shutting down and abandoning module AllDesktopTargetPlatform (95)
[2021.09.01-20.07.13:507][614]LogModuleManager: Shutting down and abandoning module InputCore (92)
[2021.09.01-20.07.13:507][614]LogModuleManager: Shutting down and abandoning module Settings (90)
[2021.09.01-20.07.13:507][614]LogModuleManager: Shutting down and abandoning module DirectoryWatcher (88)
[2021.09.01-20.07.13:507][614]LogModuleManager: Shutting down and abandoning module PhysXCooking (86)
[2021.09.01-20.07.13:507][614]LogModuleManager: Shutting down and abandoning module WindowsPlatformFeatures (84)
[2021.09.01-20.07.13:507][614]LogModuleManager: Shutting down and abandoning module GameplayMediaEncoder (83)
[2021.09.01-20.07.13:507][614]LogModuleManager: Shutting down and abandoning module SteamVR (80)
[2021.09.01-20.07.13:507][614]LogHMD: Freeing OpenVRDLLHandle.
[2021.09.01-20.07.13:507][614]LogModuleManager: Shutting down and abandoning module OculusHMD (78)
[2021.09.01-20.07.13:507][614]LogModuleManager: Shutting down and abandoning module ExampleDeviceProfileSelector (76)
[2021.09.01-20.07.13:507][614]LogModuleManager: Shutting down and abandoning module LauncherChunkInstaller (74)
[2021.09.01-20.07.13:507][614]LogModuleManager: Shutting down and abandoning module OnlineBlueprintSupport (72)
[2021.09.01-20.07.13:507][614]LogModuleManager: Shutting down and abandoning module OnlineSubsystem (68)
[2021.09.01-20.07.13:508][614]LogModuleManager: Shutting down and abandoning module XMPP (63)
[2021.09.01-20.07.13:508][614]LogModuleManager: Shutting down and abandoning module WebSockets (62)
[2021.09.01-20.07.13:526][614]LogModuleManager: Shutting down and abandoning module HTTP (59)
[2021.09.01-20.07.13:526][614]LogHttp: Display: Http module shutting down, but needs to wait on 1 outstanding Http requests:
[2021.09.01-20.07.13:526][614]LogHttp: Display: 	verb=[POST] url=[https://datarouter.ol.epicgames.com/datarouter/api/v1/public/data?SessionID=%7B3576F8A1-4BD8-C358-3AB3-2FBB2436E219%7D&AppID=UEEditor.Rocket.Release&AppVersion=4.23.0-8386587%2B%2B%2BUE4%2BRelease-4.23&UserID=f488bcc0497b8ee44ddfaba6aa82289e%7C135dd20eb96945b58c90f26b1b6792aa%7Cc0ab90a0-7d54-42f3-b644-33413d5f45ba&AppEnvironment=datacollector-binary&UploadType=eteventstream] status=Processing
[2021.09.01-20.07.13:549][614]LogModuleManager: Shutting down and abandoning module SSL (58)
[2021.09.01-20.07.13:550][614]LogModuleManager: Shutting down and abandoning module WmfMedia (54)
[2021.09.01-20.07.13:551][614]LogModuleManager: Shutting down and abandoning module Media (53)
[2021.09.01-20.07.13:552][614]LogModuleManager: Shutting down and abandoning module MagicLeap (50)
[2021.09.01-20.07.13:552][614]LogModuleManager: Shutting down and abandoning module DatasmithContent (48)
[2021.09.01-20.07.13:552][614]LogModuleManager: Shutting down and abandoning module AISupportModule (46)
[2021.09.01-20.07.13:552][614]LogModuleManager: Shutting down and abandoning module PythonScriptPluginPreload (44)
[2021.09.01-20.07.13:552][614]LogModuleManager: Shutting down and abandoning module PlatformCryptoOpenSSL (42)
[2021.09.01-20.07.13:552][614]LogModuleManager: Shutting down and abandoning module PlatformCrypto (40)
[2021.09.01-20.07.13:552][614]LogModuleManager: Shutting down and abandoning module AnimationModifiers (38)
[2021.09.01-20.07.13:552][614]LogModuleManager: Shutting down and abandoning module PropertyEditor (37)
[2021.09.01-20.07.13:552][614]LogModuleManager: Shutting down and abandoning module AudioEditor (34)
[2021.09.01-20.07.13:552][614]LogModuleManager: Shutting down and abandoning module TextureCompressor (32)
[2021.09.01-20.07.13:552][614]LogModuleManager: Shutting down and abandoning module RenderCore (30)
[2021.09.01-20.07.13:552][614]LogModuleManager: Shutting down and abandoning module Landscape (28)
[2021.09.01-20.07.13:552][614]LogModuleManager: Shutting down and abandoning module SlateRHIRenderer (26)
[2021.09.01-20.07.13:553][614]LogModuleManager: Shutting down and abandoning module OpenGLDrv (24)
[2021.09.01-20.07.13:553][614]LogModuleManager: Shutting down and abandoning module D3D11RHI (22)
[2021.09.01-20.07.13:553][614]LogModuleManager: Shutting down and abandoning module AnimGraphRuntime (20)
[2021.09.01-20.07.13:553][614]LogModuleManager: Shutting down and abandoning module Renderer (18)
[2021.09.01-20.07.13:553][614]LogModuleManager: Shutting down and abandoning module Engine (16)
[2021.09.01-20.07.13:553][614]LogModuleManager: Shutting down and abandoning module CoreUObject (14)
[2021.09.01-20.07.13:553][614]LogModuleManager: Shutting down and abandoning module NetworkFile (12)
[2021.09.01-20.07.13:553][614]LogModuleManager: Shutting down and abandoning module CookedIterativeFile (10)
[2021.09.01-20.07.13:553][614]LogModuleManager: Shutting down and abandoning module StreamingFile (8)
[2021.09.01-20.07.13:553][614]LogModuleManager: Shutting down and abandoning module SandboxFile (6)
[2021.09.01-20.07.13:554][614]LogModuleManager: Shutting down and abandoning module PakFile (4)
[2021.09.01-20.07.13:554][614]LogModuleManager: Shutting down and abandoning module RSA (3)
[2021.09.01-20.07.13:554][614]LogD3D11RHI: Shutdown
[2021.09.01-20.07.13:554][614]LogD3D11RHI: CleanupD3DDevice
[2021.09.01-20.07.13:554][614]LogRendererCore: FGlobalDynamicReadBuffer::Cleanup()
[2021.09.01-20.07.13:554][614]LogRendererCore: FGlobalDynamicReadBuffer::Cleanup()
[2021.09.01-20.07.13:554][614]LogRendererCore: FGlobalDynamicReadBuffer::Cleanup()
[2021.09.01-20.07.13:637][614]LogD3D11RHI: ~FD3D11DynamicRHI
[2021.09.01-20.07.13:649][614]LogExit: Exiting.
[2021.09.01-20.07.13:657][614]Log file closed, 09/01/21 16:07:13
